{
  "/home/jack/Repos/Work/capture-pdf-text/src/apply-options.js": {
    "path":
      "/home/jack/Repos/Work/capture-pdf-text/src/apply-options.js",
    "statementMap": {
      "0": {
        "start": { "line": 1, "column": 13 },
        "end": { "line": 1, "column": 75 }
      },
      "1": {
        "start": { "line": 12, "column": 19 },
        "end": { "line": 27, "column": 1 }
      },
      "2": {
        "start": { "line": 12, "column": 63 },
        "end": { "line": 12, "column": 133 }
      },
      "3": {
        "start": { "line": 13, "column": 2 },
        "end": { "line": 24, "column": 3 }
      },
      "4": {
        "start": { "line": 15, "column": 18 },
        "end": { "line": 15, "column": 31 }
      },
      "5": {
        "start": { "line": 16, "column": 20 },
        "end": { "line": 16, "column": 101 }
      },
      "6": {
        "start": { "line": 17, "column": 4 },
        "end": { "line": 17, "column": 53 }
      },
      "7": {
        "start": { "line": 23, "column": 4 },
        "end": { "line": 23, "column": 45 }
      },
      "8": {
        "start": { "line": 26, "column": 2 },
        "end": { "line": 26, "column": 15 }
      },
      "9": {
        "start": { "line": 27, "column": 2 },
        "end": { "line": 29, "column": 13 }
      }
    },
    "fnMap": {
      "0": {
        "name": "applyOptions",
        "decl": {
          "start": { "line": 12, "column": 28 },
          "end": { "line": 12, "column": 40 }
        },
        "loc": {
          "start": { "line": 12, "column": 48 },
          "end": { "line": 27, "column": 1 }
        },
        "line": 12
      }
    },
    "branchMap": {
      "0": {
        "loc": {
          "start": { "line": 12, "column": 63 },
          "end": { "line": 12, "column": 133 }
        },
        "type": "cond-expr",
        "locations": [
          {
            "start": { "line": 12, "column": 116 },
            "end": { "line": 12, "column": 128 }
          },
          {
            "start": { "line": 12, "column": 131 },
            "end": { "line": 12, "column": 133 }
          }
        ],
        "line": 12
      },
      "1": {
        "loc": {
          "start": { "line": 12, "column": 63 },
          "end": { "line": 12, "column": 113 }
        },
        "type": "binary-expr",
        "locations": [
          {
            "start": { "line": 12, "column": 63 },
            "end": { "line": 12, "column": 83 }
          },
          {
            "start": { "line": 12, "column": 87 },
            "end": { "line": 12, "column": 113 }
          }
        ],
        "line": 12
      },
      "2": {
        "loc": {
          "start": { "line": 13, "column": 2 },
          "end": { "line": 24, "column": 3 }
        },
        "type": "if",
        "locations": [
          {
            "start": { "line": 13, "column": 2 },
            "end": { "line": 24, "column": 3 }
          },
          {
            "start": { "line": 13, "column": 2 },
            "end": { "line": 24, "column": 3 }
          }
        ],
        "line": 13
      },
      "3": {
        "loc": {
          "start": { "line": 17, "column": 22 },
          "end": { "line": 17, "column": 52 }
        },
        "type": "binary-expr",
        "locations": [
          {
            "start": { "line": 17, "column": 22 },
            "end": { "line": 17, "column": 39 }
          },
          {
            "start": { "line": 17, "column": 43 },
            "end": { "line": 17, "column": 52 }
          }
        ],
        "line": 17
      },
      "4": {
        "loc": {
          "start": { "line": 23, "column": 22 },
          "end": { "line": 23, "column": 44 }
        },
        "type": "binary-expr",
        "locations": [
          {
            "start": { "line": 23, "column": 22 },
            "end": { "line": 23, "column": 39 }
          },
          {
            "start": { "line": 23, "column": 43 },
            "end": { "line": 23, "column": 44 }
          }
        ],
        "line": 23
      }
    },
    "s": {
      "0": 0,
      "1": 0,
      "2": 0,
      "3": 0,
      "4": 0,
      "5": 0,
      "6": 0,
      "7": 0,
      "8": 0,
      "9": 0
    },
    "f": { "0": 0 },
    "b": {
      "0": [0, 0],
      "1": [0, 0],
      "2": [0, 0],
      "3": [0, 0],
      "4": [0, 0]
    }
  },
  "/home/jack/Repos/Work/capture-pdf-text/src/classes.js": {
    "path":
      "/home/jack/Repos/Work/capture-pdf-text/src/classes.js",
    "statementMap": {
      "0": {
        "start": { "line": 13, "column": 37 },
        "end": { "line": 13, "column": 41 }
      },
      "1": {
        "start": { "line": 14, "column": 41 },
        "end": { "line": 14, "column": 55 }
      },
      "2": {
        "start": { "line": 16, "column": 4 },
        "end": { "line": 16, "column": 28 }
      },
      "3": {
        "start": { "line": 17, "column": 4 },
        "end": { "line": 17, "column": 19 }
      },
      "4": {
        "start": { "line": 19, "column": 4 },
        "end": { "line": 19, "column": 54 }
      },
      "5": {
        "start": { "line": 20, "column": 4 },
        "end": { "line": 20, "column": 34 }
      },
      "6": {
        "start": { "line": 21, "column": 4 },
        "end": { "line": 21, "column": 36 }
      },
      "7": {
        "start": { "line": 22, "column": 4 },
        "end": { "line": 22, "column": 32 }
      },
      "8": {
        "start": { "line": 24, "column": 4 },
        "end": { "line": 24, "column": 40 }
      },
      "9": {
        "start": { "line": 25, "column": 4 },
        "end": { "line": 25, "column": 39 }
      },
      "10": {
        "start": { "line": 36, "column": 4 },
        "end": { "line": 36, "column": 39 }
      },
      "11": {
        "start": { "line": 38, "column": 4 },
        "end": { "line": 40, "column": 13 }
      },
      "12": {
        "start": { "line": 39, "column": 27 },
        "end": { "line": 39, "column": 50 }
      },
      "13": {
        "start": { "line": 41, "column": 4 },
        "end": { "line": 44, "column": 5 }
      },
      "14": {
        "start": { "line": 42, "column": 22 },
        "end": { "line": 42, "column": 38 }
      },
      "15": {
        "start": { "line": 45, "column": 4 },
        "end": { "line": 48, "column": 5 }
      },
      "16": {
        "start": { "line": 46, "column": 24 },
        "end": { "line": 46, "column": 42 }
      },
      "17": {
        "start": { "line": 49, "column": 4 },
        "end": { "line": 52, "column": 5 }
      },
      "18": {
        "start": { "line": 50, "column": 25 },
        "end": { "line": 50, "column": 44 }
      },
      "19": {
        "start": { "line": 53, "column": 4 },
        "end": { "line": 56, "column": 5 }
      },
      "20": {
        "start": { "line": 54, "column": 23 },
        "end": { "line": 54, "column": 40 }
      },
      "21": {
        "start": { "line": 57, "column": 4 },
        "end": { "line": 57, "column": 40 }
      },
      "22": {
        "start": { "line": 58, "column": 4 },
        "end": { "line": 58, "column": 39 }
      },
      "23": {
        "start": { "line": 62, "column": 18 },
        "end": { "line": 75, "column": 10 }
      },
      "24": {
        "start": { "line": 63, "column": 6 },
        "end": { "line": 74, "column": 7 }
      },
      "25": {
        "start": { "line": 65, "column": 10 },
        "end": { "line": 65, "column": 38 }
      },
      "26": {
        "start": { "line": 67, "column": 10 },
        "end": { "line": 67, "column": 29 }
      },
      "27": {
        "start": { "line": 69, "column": 10 },
        "end": { "line": 73, "column": 11 }
      },
      "28": {
        "start": { "line": 76, "column": 16 },
        "end": { "line": 76, "column": 30 }
      },
      "29": {
        "start": { "line": 77, "column": 4 },
        "end": { "line": 77, "column": 30 }
      },
      "30": {
        "start": { "line": 82, "column": 30 },
        "end": { "line": 87, "column": 59 }
      },
      "31": {
        "start": { "line": 84, "column": 26 },
        "end": { "line": 84, "column": 46 }
      },
      "32": {
        "start": { "line": 85, "column": 8 },
        "end": { "line": 85, "column": 45 }
      },
      "33": {
        "start": { "line": 87, "column": 36 },
        "end": { "line": 87, "column": 57 }
      },
      "34": {
        "start": { "line": 89, "column": 31 },
        "end": { "line": 93, "column": 15 }
      },
      "35": {
        "start": { "line": 95, "column": 4 },
        "end": { "line": 95, "column": 29 }
      },
      "36": {
        "start": { "line": 98, "column": 4 },
        "end": { "line": 98, "column": 20 }
      },
      "37": {
        "start": { "line": 103, "column": 32 },
        "end": { "line": 108, "column": 63 }
      },
      "38": {
        "start": { "line": 105, "column": 26 },
        "end": { "line": 105, "column": 48 }
      },
      "39": {
        "start": { "line": 106, "column": 8 },
        "end": { "line": 106, "column": 47 }
      },
      "40": {
        "start": { "line": 108, "column": 38 },
        "end": { "line": 108, "column": 61 }
      },
      "41": {
        "start": { "line": 110, "column": 33 },
        "end": { "line": 114, "column": 17 }
      },
      "42": {
        "start": { "line": 116, "column": 4 },
        "end": { "line": 116, "column": 31 }
      },
      "43": {
        "start": { "line": 119, "column": 4 },
        "end": { "line": 119, "column": 20 }
      }
    },
    "fnMap": {
      "0": {
        "name": "(anonymous_0)",
        "decl": {
          "start": { "line": 12, "column": 2 },
          "end": { "line": 12, "column": 3 }
        },
        "loc": {
          "start": { "line": 12, "column": 21 },
          "end": { "line": 26, "column": 3 }
        },
        "line": 12
      },
      "1": {
        "name": "(anonymous_1)",
        "decl": {
          "start": { "line": 35, "column": 2 },
          "end": { "line": 35, "column": 3 }
        },
        "loc": {
          "start": { "line": 35, "column": 22 },
          "end": { "line": 59, "column": 3 }
        },
        "line": 35
      },
      "2": {
        "name": "(anonymous_2)",
        "decl": {
          "start": { "line": 39, "column": 14 },
          "end": { "line": 39, "column": 15 }
        },
        "loc": {
          "start": { "line": 39, "column": 27 },
          "end": { "line": 39, "column": 50 }
        },
        "line": 39
      },
      "3": {
        "name": "(anonymous_3)",
        "decl": {
          "start": { "line": 42, "column": 6 },
          "end": { "line": 42, "column": 7 }
        },
        "loc": {
          "start": { "line": 42, "column": 22 },
          "end": { "line": 42, "column": 38 }
        },
        "line": 42
      },
      "4": {
        "name": "(anonymous_4)",
        "decl": {
          "start": { "line": 46, "column": 6 },
          "end": { "line": 46, "column": 7 }
        },
        "loc": {
          "start": { "line": 46, "column": 24 },
          "end": { "line": 46, "column": 42 }
        },
        "line": 46
      },
      "5": {
        "name": "(anonymous_5)",
        "decl": {
          "start": { "line": 50, "column": 6 },
          "end": { "line": 50, "column": 7 }
        },
        "loc": {
          "start": { "line": 50, "column": 25 },
          "end": { "line": 50, "column": 44 }
        },
        "line": 50
      },
      "6": {
        "name": "(anonymous_6)",
        "decl": {
          "start": { "line": 54, "column": 6 },
          "end": { "line": 54, "column": 7 }
        },
        "loc": {
          "start": { "line": 54, "column": 23 },
          "end": { "line": 54, "column": 40 }
        },
        "line": 54
      },
      "7": {
        "name": "(anonymous_7)",
        "decl": {
          "start": { "line": 61, "column": 2 },
          "end": { "line": 61, "column": 3 }
        },
        "loc": {
          "start": { "line": 61, "column": 17 },
          "end": { "line": 78, "column": 3 }
        },
        "line": 61
      },
      "8": {
        "name": "(anonymous_8)",
        "decl": {
          "start": { "line": 62, "column": 49 },
          "end": { "line": 62, "column": 50 }
        },
        "loc": {
          "start": { "line": 62, "column": 62 },
          "end": { "line": 75, "column": 5 }
        },
        "line": 62
      },
      "9": {
        "name": "(anonymous_9)",
        "decl": {
          "start": { "line": 81, "column": 2 },
          "end": { "line": 81, "column": 3 }
        },
        "loc": {
          "start": { "line": 81, "column": 20 },
          "end": { "line": 96, "column": 3 }
        },
        "line": 81
      },
      "10": {
        "name": "(anonymous_10)",
        "decl": {
          "start": { "line": 83, "column": 27 },
          "end": { "line": 83, "column": 28 }
        },
        "loc": {
          "start": { "line": 83, "column": 48 },
          "end": { "line": 86, "column": 7 }
        },
        "line": 83
      },
      "11": {
        "name": "(anonymous_11)",
        "decl": {
          "start": { "line": 87, "column": 10 },
          "end": { "line": 87, "column": 11 }
        },
        "loc": {
          "start": { "line": 87, "column": 36 },
          "end": { "line": 87, "column": 57 }
        },
        "line": 87
      },
      "12": {
        "name": "(anonymous_12)",
        "decl": {
          "start": { "line": 97, "column": 2 },
          "end": { "line": 97, "column": 3 }
        },
        "loc": {
          "start": { "line": 97, "column": 21 },
          "end": { "line": 99, "column": 3 }
        },
        "line": 97
      },
      "13": {
        "name": "(anonymous_13)",
        "decl": {
          "start": { "line": 102, "column": 2 },
          "end": { "line": 102, "column": 3 }
        },
        "loc": {
          "start": { "line": 102, "column": 18 },
          "end": { "line": 117, "column": 3 }
        },
        "line": 102
      },
      "14": {
        "name": "(anonymous_14)",
        "decl": {
          "start": { "line": 104, "column": 27 },
          "end": { "line": 104, "column": 28 }
        },
        "loc": {
          "start": { "line": 104, "column": 50 },
          "end": { "line": 107, "column": 7 }
        },
        "line": 104
      },
      "15": {
        "name": "(anonymous_15)",
        "decl": {
          "start": { "line": 108, "column": 10 },
          "end": { "line": 108, "column": 11 }
        },
        "loc": {
          "start": { "line": 108, "column": 38 },
          "end": { "line": 108, "column": 61 }
        },
        "line": 108
      },
      "16": {
        "name": "(anonymous_16)",
        "decl": {
          "start": { "line": 118, "column": 2 },
          "end": { "line": 118, "column": 3 }
        },
        "loc": {
          "start": { "line": 118, "column": 19 },
          "end": { "line": 120, "column": 3 }
        },
        "line": 118
      }
    },
    "branchMap": {
      "0": {
        "loc": {
          "start": { "line": 63, "column": 6 },
          "end": { "line": 74, "column": 7 }
        },
        "type": "switch",
        "locations": [
          {
            "start": { "line": 64, "column": 8 },
            "end": { "line": 65, "column": 38 }
          },
          {
            "start": { "line": 66, "column": 8 },
            "end": { "line": 67, "column": 29 }
          },
          {
            "start": { "line": 68, "column": 8 },
            "end": { "line": 73, "column": 11 }
          }
        ],
        "line": 63
      },
      "1": {
        "loc": {
          "start": { "line": 84, "column": 26 },
          "end": { "line": 84, "column": 46 }
        },
        "type": "binary-expr",
        "locations": [
          {
            "start": { "line": 84, "column": 26 },
            "end": { "line": 84, "column": 41 }
          },
          {
            "start": { "line": 84, "column": 45 },
            "end": { "line": 84, "column": 46 }
          }
        ],
        "line": 84
      },
      "2": {
        "loc": {
          "start": { "line": 105, "column": 26 },
          "end": { "line": 105, "column": 48 }
        },
        "type": "binary-expr",
        "locations": [
          {
            "start": { "line": 105, "column": 26 },
            "end": { "line": 105, "column": 43 }
          },
          {
            "start": { "line": 105, "column": 47 },
            "end": { "line": 105, "column": 48 }
          }
        ],
        "line": 105
      }
    },
    "s": {
      "0": 281,
      "1": 281,
      "2": 281,
      "3": 281,
      "4": 281,
      "5": 281,
      "6": 281,
      "7": 281,
      "8": 281,
      "9": 281,
      "10": 312,
      "11": 312,
      "12": 3707,
      "13": 312,
      "14": 3707,
      "15": 312,
      "16": 3707,
      "17": 312,
      "18": 3707,
      "19": 312,
      "20": 3707,
      "21": 312,
      "22": 312,
      "23": 312,
      "24": 831,
      "25": 277,
      "26": 554,
      "27": 0,
      "28": 312,
      "29": 312,
      "30": 34166,
      "31": 512840,
      "32": 512840,
      "33": 34550,
      "34": 34166,
      "35": 34166,
      "36": 0,
      "37": 17974,
      "38": 280184,
      "39": 280184,
      "40": 17974,
      "41": 17974,
      "42": 17974,
      "43": 0
    },
    "f": {
      "0": 281,
      "1": 312,
      "2": 3707,
      "3": 3707,
      "4": 3707,
      "5": 3707,
      "6": 3707,
      "7": 312,
      "8": 831,
      "9": 34166,
      "10": 512840,
      "11": 34550,
      "12": 0,
      "13": 17974,
      "14": 280184,
      "15": 17974,
      "16": 0
    },
    "b": {
      "0": [277, 554, 0],
      "1": [512840, 34550],
      "2": [280184, 17974]
    },
    "_coverageSchema":
      "332fd63041d2c1bcb487cc26dd0d5f7d97098a6c",
    "hash": "10a9c09816d43ebe3cf79f8b3f984f4bd183df01"
  },
  "/home/jack/Repos/Work/capture-pdf-text/src/load-document.js": {
    "path":
      "/home/jack/Repos/Work/capture-pdf-text/src/load-document.js",
    "statementMap": {
      "0": {
        "start": { "line": 3, "column": 28 },
        "end": { "line": 36, "column": 1 }
      },
      "1": {
        "start": { "line": 4, "column": 16 },
        "end": { "line": 4, "column": 36 }
      },
      "2": {
        "start": { "line": 14, "column": 18 },
        "end": { "line": 31, "column": 3 }
      },
      "3": {
        "start": { "line": 15, "column": 4 },
        "end": { "line": 30, "column": 5 }
      },
      "4": {
        "start": { "line": 16, "column": 6 },
        "end": { "line": 27, "column": 7 }
      },
      "5": {
        "start": { "line": 17, "column": 21 },
        "end": { "line": 17, "column": 41 }
      },
      "6": {
        "start": { "line": 18, "column": 26 },
        "end": { "line": 18, "column": 53 }
      },
      "7": {
        "start": { "line": 20, "column": 8 },
        "end": { "line": 24, "column": 9 }
      },
      "8": {
        "start": { "line": 23, "column": 35 },
        "end": { "line": 23, "column": 49 }
      },
      "9": {
        "start": { "line": 26, "column": 8 },
        "end": { "line": 26, "column": 62 }
      },
      "10": {
        "start": { "line": 29, "column": 6 },
        "end": { "line": 29, "column": 17 }
      },
      "11": {
        "start": { "line": 33, "column": 2 },
        "end": { "line": 33, "column": 27 }
      },
      "12": {
        "start": { "line": 35, "column": 2 },
        "end": { "line": 35, "column": 16 }
      },
      "13": {
        "start": { "line": 48, "column": 37 },
        "end": { "line": 51, "column": 1 }
      },
      "14": {
        "start": { "line": 49, "column": 14 },
        "end": { "line": 49, "column": 43 }
      },
      "15": {
        "start": { "line": 50, "column": 2 },
        "end": { "line": 50, "column": 26 }
      }
    },
    "fnMap": {
      "0": {
        "name": "(anonymous_0)",
        "decl": {
          "start": { "line": 3, "column": 28 },
          "end": { "line": 3, "column": 29 }
        },
        "loc": {
          "start": { "line": 3, "column": 35 },
          "end": { "line": 36, "column": 1 }
        },
        "line": 3
      },
      "1": {
        "name": "(anonymous_1)",
        "decl": {
          "start": { "line": 14, "column": 18 },
          "end": { "line": 14, "column": 19 }
        },
        "loc": {
          "start": { "line": 14, "column": 29 },
          "end": { "line": 31, "column": 3 }
        },
        "line": 14
      },
      "2": {
        "name": "(anonymous_2)",
        "decl": {
          "start": { "line": 23, "column": 27 },
          "end": { "line": 23, "column": 28 }
        },
        "loc": {
          "start": { "line": 23, "column": 35 },
          "end": { "line": 23, "column": 49 }
        },
        "line": 23
      },
      "3": {
        "name": "(anonymous_3)",
        "decl": {
          "start": { "line": 48, "column": 37 },
          "end": { "line": 48, "column": 38 }
        },
        "loc": {
          "start": { "line": 48, "column": 60 },
          "end": { "line": 51, "column": 1 }
        },
        "line": 48
      }
    },
    "branchMap": {
      "0": {
        "loc": {
          "start": { "line": 16, "column": 6 },
          "end": { "line": 27, "column": 7 }
        },
        "type": "if",
        "locations": [
          {
            "start": { "line": 16, "column": 6 },
            "end": { "line": 27, "column": 7 }
          },
          {
            "start": { "line": 16, "column": 6 },
            "end": { "line": 27, "column": 7 }
          }
        ],
        "line": 16
      }
    },
    "s": {
      "0": 1,
      "1": 0,
      "2": 0,
      "3": 0,
      "4": 0,
      "5": 0,
      "6": 0,
      "7": 0,
      "8": 0,
      "9": 0,
      "10": 0,
      "11": 0,
      "12": 0,
      "13": 1,
      "14": 0,
      "15": 0
    },
    "f": { "0": 0, "1": 0, "2": 0, "3": 0 },
    "b": { "0": [0, 0] },
    "_coverageSchema":
      "332fd63041d2c1bcb487cc26dd0d5f7d97098a6c",
    "hash": "d5cbf9542aa68fb602ef9793707f8b71ae9adf71"
  },
  "/home/jack/Repos/Work/capture-pdf-text/src/main.js": {
    "path": "/home/jack/Repos/Work/capture-pdf-text/src/main.js",
    "statementMap": {
      "0": {
        "start": { "line": 24, "column": 30 },
        "end": { "line": 39, "column": 1 }
      },
      "1": {
        "start": { "line": 25, "column": 20 },
        "end": { "line": 25, "column": 46 }
      },
      "2": {
        "start": { "line": 25, "column": 34 },
        "end": { "line": 25, "column": 46 }
      },
      "3": {
        "start": { "line": 27, "column": 17 },
        "end": { "line": 36, "column": 3 }
      },
      "4": {
        "start": { "line": 38, "column": 2 },
        "end": { "line": 38, "column": 22 }
      }
    },
    "fnMap": {
      "0": {
        "name": "(anonymous_0)",
        "decl": {
          "start": { "line": 24, "column": 30 },
          "end": { "line": 24, "column": 31 }
        },
        "loc": {
          "start": { "line": 24, "column": 39 },
          "end": { "line": 39, "column": 1 }
        },
        "line": 24
      },
      "1": {
        "name": "(anonymous_1)",
        "decl": {
          "start": { "line": 25, "column": 20 },
          "end": { "line": 25, "column": 21 }
        },
        "loc": {
          "start": { "line": 25, "column": 34 },
          "end": { "line": 25, "column": 46 }
        },
        "line": 25
      }
    },
    "branchMap": {},
    "s": { "0": 1, "1": 1, "2": 80, "3": 1, "4": 1 },
    "f": { "0": 1, "1": 80 },
    "b": {},
    "_coverageSchema":
      "332fd63041d2c1bcb487cc26dd0d5f7d97098a6c",
    "hash": "36801ce1a03487eda2335b9fee9ad0774577d524"
  },
  "/home/jack/Repos/Work/capture-pdf-text/src/matcher.js": {
    "path":
      "/home/jack/Repos/Work/capture-pdf-text/src/matcher.js",
    "statementMap": {
      "0": {
        "start": { "line": 12, "column": 27 },
        "end": { "line": 19, "column": 1 }
      },
      "1": {
        "start": { "line": 14, "column": 4 },
        "end": { "line": 18, "column": 7 }
      },
      "2": {
        "start": { "line": 17, "column": 43 },
        "end": { "line": 17, "column": 56 }
      },
      "3": {
        "start": { "line": 30, "column": 29 },
        "end": { "line": 34, "column": 2 }
      },
      "4": {
        "start": { "line": 31, "column": 21 },
        "end": { "line": 31, "column": 50 }
      },
      "5": {
        "start": { "line": 32, "column": 17 },
        "end": { "line": 32, "column": 48 }
      },
      "6": {
        "start": { "line": 32, "column": 39 },
        "end": { "line": 32, "column": 47 }
      },
      "7": {
        "start": { "line": 33, "column": 2 },
        "end": { "line": 33, "column": 15 }
      }
    },
    "fnMap": {
      "0": {
        "name": "(anonymous_0)",
        "decl": {
          "start": { "line": 13, "column": 2 },
          "end": { "line": 13, "column": 3 }
        },
        "loc": {
          "start": { "line": 14, "column": 4 },
          "end": { "line": 18, "column": 7 }
        },
        "line": 14
      },
      "1": {
        "name": "(anonymous_1)",
        "decl": {
          "start": { "line": 17, "column": 30 },
          "end": { "line": 17, "column": 31 }
        },
        "loc": {
          "start": { "line": 17, "column": 43 },
          "end": { "line": 17, "column": 56 }
        },
        "line": 17
      },
      "2": {
        "name": "(anonymous_2)",
        "decl": {
          "start": { "line": 30, "column": 35 },
          "end": { "line": 30, "column": 36 }
        },
        "loc": {
          "start": { "line": 30, "column": 60 },
          "end": { "line": 34, "column": 1 }
        },
        "line": 30
      },
      "3": {
        "name": "(anonymous_3)",
        "decl": {
          "start": { "line": 32, "column": 34 },
          "end": { "line": 32, "column": 35 }
        },
        "loc": {
          "start": { "line": 32, "column": 39 },
          "end": { "line": 32, "column": 47 }
        },
        "line": 32
      }
    },
    "branchMap": {
      "0": {
        "loc": {
          "start": { "line": 14, "column": 4 },
          "end": { "line": 18, "column": 7 }
        },
        "type": "cond-expr",
        "locations": [
          {
            "start": { "line": 15, "column": 8 },
            "end": { "line": 15, "column": 24 }
          },
          {
            "start": { "line": 16, "column": 8 },
            "end": { "line": 18, "column": 7 }
          }
        ],
        "line": 14
      }
    },
    "s": {
      "0": 1,
      "1": 63365,
      "2": 78530,
      "3": 1,
      "4": 38914,
      "5": 38914,
      "6": 46842,
      "7": 38914
    },
    "f": { "0": 63365, "1": 78530, "2": 38914, "3": 46842 },
    "b": { "0": [24451, 38914] },
    "_coverageSchema":
      "332fd63041d2c1bcb487cc26dd0d5f7d97098a6c",
    "hash": "fed6188c143d675278a16bb4f715bf936efe37f8"
  },
  "/home/jack/Repos/Work/capture-pdf-text/src/matcher.recursive.js": {
    "path":
      "/home/jack/Repos/Work/capture-pdf-text/src/matcher.recursive.js",
    "statementMap": {
      "0": {
        "start": { "line": 12, "column": 26 },
        "end": { "line": 24, "column": 2 }
      },
      "1": {
        "start": { "line": 14, "column": 20 },
        "end": { "line": 14, "column": 40 }
      },
      "2": {
        "start": { "line": 16, "column": 18 },
        "end": { "line": 22, "column": 3 }
      },
      "3": {
        "start": { "line": 17, "column": 4 },
        "end": { "line": 19, "column": 5 }
      },
      "4": {
        "start": { "line": 18, "column": 6 },
        "end": { "line": 18, "column": 19 }
      },
      "5": {
        "start": { "line": 20, "column": 20 },
        "end": { "line": 20, "column": 53 }
      },
      "6": {
        "start": { "line": 21, "column": 4 },
        "end": { "line": 21, "column": 61 }
      },
      "7": {
        "start": { "line": 23, "column": 2 },
        "end": { "line": 23, "column": 23 }
      },
      "8": {
        "start": { "line": 34, "column": 29 },
        "end": { "line": 53, "column": 1 }
      },
      "9": {
        "start": { "line": 35, "column": 18 },
        "end": { "line": 35, "column": 38 }
      },
      "10": {
        "start": { "line": 39, "column": 18 },
        "end": { "line": 50, "column": 3 }
      },
      "11": {
        "start": { "line": 40, "column": 26 },
        "end": { "line": 40, "column": 54 }
      },
      "12": {
        "start": { "line": 42, "column": 4 },
        "end": { "line": 49, "column": 5 }
      },
      "13": {
        "start": { "line": 43, "column": 6 },
        "end": { "line": 43, "column": 48 }
      },
      "14": {
        "start": { "line": 45, "column": 6 },
        "end": { "line": 48, "column": 8 }
      },
      "15": {
        "start": { "line": 52, "column": 2 },
        "end": { "line": 52, "column": 16 }
      }
    },
    "fnMap": {
      "0": {
        "name": "(anonymous_0)",
        "decl": {
          "start": { "line": 12, "column": 32 },
          "end": { "line": 12, "column": 33 }
        },
        "loc": {
          "start": { "line": 12, "column": 50 },
          "end": { "line": 24, "column": 1 }
        },
        "line": 12
      },
      "1": {
        "name": "(anonymous_1)",
        "decl": {
          "start": { "line": 16, "column": 18 },
          "end": { "line": 16, "column": 19 }
        },
        "loc": {
          "start": { "line": 16, "column": 53 },
          "end": { "line": 22, "column": 3 }
        },
        "line": 16
      },
      "2": {
        "name": "(anonymous_2)",
        "decl": {
          "start": { "line": 34, "column": 29 },
          "end": { "line": 34, "column": 30 }
        },
        "loc": {
          "start": { "line": 34, "column": 38 },
          "end": { "line": 53, "column": 1 }
        },
        "line": 34
      },
      "3": {
        "name": "(anonymous_3)",
        "decl": {
          "start": { "line": 39, "column": 18 },
          "end": { "line": 39, "column": 19 }
        },
        "loc": {
          "start": { "line": 39, "column": 40 },
          "end": { "line": 50, "column": 3 }
        },
        "line": 39
      }
    },
    "branchMap": {
      "0": {
        "loc": {
          "start": { "line": 16, "column": 37 },
          "end": { "line": 16, "column": 48 }
        },
        "type": "default-arg",
        "locations": [
          {
            "start": { "line": 16, "column": 46 },
            "end": { "line": 16, "column": 48 }
          }
        ],
        "line": 16
      },
      "1": {
        "loc": {
          "start": { "line": 17, "column": 4 },
          "end": { "line": 19, "column": 5 }
        },
        "type": "if",
        "locations": [
          {
            "start": { "line": 17, "column": 4 },
            "end": { "line": 19, "column": 5 }
          },
          {
            "start": { "line": 17, "column": 4 },
            "end": { "line": 19, "column": 5 }
          }
        ],
        "line": 17
      },
      "2": {
        "loc": {
          "start": { "line": 42, "column": 4 },
          "end": { "line": 49, "column": 5 }
        },
        "type": "if",
        "locations": [
          {
            "start": { "line": 42, "column": 4 },
            "end": { "line": 49, "column": 5 }
          },
          {
            "start": { "line": 42, "column": 4 },
            "end": { "line": 49, "column": 5 }
          }
        ],
        "line": 42
      }
    },
    "s": {
      "0": 1,
      "1": 4,
      "2": 4,
      "3": 146,
      "4": 4,
      "5": 142,
      "6": 142,
      "7": 4,
      "8": 1,
      "9": 4,
      "10": 4,
      "11": 311,
      "12": 311,
      "13": 142,
      "14": 169,
      "15": 4
    },
    "f": { "0": 4, "1": 146, "2": 4, "3": 311 },
    "b": { "0": [4], "1": [4, 142], "2": [142, 169] },
    "_coverageSchema":
      "332fd63041d2c1bcb487cc26dd0d5f7d97098a6c",
    "hash": "c400e17455bb93d3ad558f9b2d2a993df93ac938"
  },
  "/home/jack/Repos/Work/capture-pdf-text/src/matcher.rules.js": {
    "path":
      "/home/jack/Repos/Work/capture-pdf-text/src/matcher.rules.js",
    "statementMap": {
      "0": {
        "start": { "line": 6, "column": 24 },
        "end": { "line": 11, "column": 1 }
      },
      "1": {
        "start": { "line": 6, "column": 30 },
        "end": { "line": 11, "column": 1 }
      },
      "2": {
        "start": { "line": 16, "column": 34 },
        "end": { "line": 22, "column": 1 }
      },
      "3": {
        "start": { "line": 16, "column": 40 },
        "end": { "line": 22, "column": 1 }
      },
      "4": {
        "start": { "line": 30, "column": 25 },
        "end": { "line": 36, "column": 1 }
      },
      "5": {
        "start": { "line": 30, "column": 53 },
        "end": { "line": 36, "column": 1 }
      },
      "6": {
        "start": { "line": 42, "column": 26 },
        "end": { "line": 49, "column": 1 }
      },
      "7": {
        "start": { "line": 42, "column": 36 },
        "end": { "line": 49, "column": 1 }
      }
    },
    "fnMap": {
      "0": {
        "name": "(anonymous_0)",
        "decl": {
          "start": { "line": 6, "column": 24 },
          "end": { "line": 6, "column": 25 }
        },
        "loc": {
          "start": { "line": 6, "column": 30 },
          "end": { "line": 11, "column": 1 }
        },
        "line": 6
      },
      "1": {
        "name": "(anonymous_1)",
        "decl": {
          "start": { "line": 16, "column": 34 },
          "end": { "line": 16, "column": 35 }
        },
        "loc": {
          "start": { "line": 16, "column": 40 },
          "end": { "line": 22, "column": 1 }
        },
        "line": 16
      },
      "2": {
        "name": "(anonymous_2)",
        "decl": {
          "start": { "line": 30, "column": 25 },
          "end": { "line": 30, "column": 26 }
        },
        "loc": {
          "start": { "line": 30, "column": 53 },
          "end": { "line": 36, "column": 1 }
        },
        "line": 30
      },
      "3": {
        "name": "(anonymous_3)",
        "decl": {
          "start": { "line": 42, "column": 26 },
          "end": { "line": 42, "column": 27 }
        },
        "loc": {
          "start": { "line": 42, "column": 36 },
          "end": { "line": 49, "column": 1 }
        },
        "line": 42
      }
    },
    "branchMap": {},
    "s": {
      "0": 1,
      "1": 1,
      "2": 1,
      "3": 1,
      "4": 1,
      "5": 1,
      "6": 1,
      "7": 1
    },
    "f": { "0": 1, "1": 1, "2": 1, "3": 1 },
    "b": {},
    "_coverageSchema":
      "332fd63041d2c1bcb487cc26dd0d5f7d97098a6c",
    "hash": "c01de223d7e84ba4ecd53e3faff1bc3b4bdb03c5"
  },
  "/home/jack/Repos/Work/capture-pdf-text/src/neighbors.js": {
    "path":
      "/home/jack/Repos/Work/capture-pdf-text/src/neighbors.js",
    "statementMap": {
      "0": {
        "start": { "line": 10, "column": 23 },
        "end": { "line": 18, "column": 1 }
      },
      "1": {
        "start": { "line": 11, "column": 14 },
        "end": { "line": 11, "column": 33 }
      },
      "2": {
        "start": { "line": 12, "column": 2 },
        "end": { "line": 17, "column": 3 }
      },
      "3": {
        "start": { "line": 25, "column": 25 },
        "end": { "line": 29, "column": 2 }
      },
      "4": {
        "start": { "line": 26, "column": 20 },
        "end": { "line": 26, "column": 49 }
      },
      "5": {
        "start": { "line": 27, "column": 17 },
        "end": { "line": 27, "column": 59 }
      },
      "6": {
        "start": { "line": 28, "column": 2 },
        "end": { "line": 28, "column": 15 }
      },
      "7": {
        "start": { "line": 31, "column": 17 },
        "end": { "line": 31, "column": 45 }
      },
      "8": {
        "start": { "line": 32, "column": 17 },
        "end": { "line": 32, "column": 45 }
      },
      "9": {
        "start": { "line": 39, "column": 28 },
        "end": { "line": 57, "column": 2 }
      },
      "10": {
        "start": { "line": 40, "column": 21 },
        "end": { "line": 46, "column": 4 }
      },
      "11": {
        "start": { "line": 48, "column": 2 },
        "end": { "line": 48, "column": 28 }
      },
      "12": {
        "start": { "line": 49, "column": 2 },
        "end": { "line": 49, "column": 28 }
      },
      "13": {
        "start": { "line": 51, "column": 17 },
        "end": { "line": 51, "column": 31 }
      },
      "14": {
        "start": { "line": 54, "column": 4 },
        "end": { "line": 54, "column": 54 }
      },
      "15": {
        "start": { "line": 56, "column": 2 },
        "end": { "line": 56, "column": 15 }
      }
    },
    "fnMap": {
      "0": {
        "name": "(anonymous_0)",
        "decl": {
          "start": { "line": 10, "column": 23 },
          "end": { "line": 10, "column": 24 }
        },
        "loc": {
          "start": { "line": 10, "column": 31 },
          "end": { "line": 18, "column": 1 }
        },
        "line": 10
      },
      "1": {
        "name": "(anonymous_1)",
        "decl": {
          "start": { "line": 25, "column": 31 },
          "end": { "line": 25, "column": 32 }
        },
        "loc": {
          "start": { "line": 25, "column": 58 },
          "end": { "line": 29, "column": 1 }
        },
        "line": 25
      },
      "2": {
        "name": "(anonymous_2)",
        "decl": {
          "start": { "line": 39, "column": 34 },
          "end": { "line": 39, "column": 35 }
        },
        "loc": {
          "start": { "line": 39, "column": 52 },
          "end": { "line": 57, "column": 1 }
        },
        "line": 39
      }
    },
    "branchMap": {
      "0": {
        "loc": {
          "start": { "line": 27, "column": 17 },
          "end": { "line": 27, "column": 59 }
        },
        "type": "binary-expr",
        "locations": [
          {
            "start": { "line": 27, "column": 17 },
            "end": { "line": 27, "column": 36 }
          },
          {
            "start": { "line": 27, "column": 40 },
            "end": { "line": 27, "column": 59 }
          }
        ],
        "line": 27
      },
      "1": {
        "loc": {
          "start": { "line": 54, "column": 4 },
          "end": { "line": 54, "column": 54 }
        },
        "type": "binary-expr",
        "locations": [
          {
            "start": { "line": 54, "column": 4 },
            "end": { "line": 54, "column": 27 }
          },
          {
            "start": { "line": 54, "column": 31 },
            "end": { "line": 54, "column": 54 }
          }
        ],
        "line": 54
      }
    },
    "s": {
      "0": 1,
      "1": 8485,
      "2": 8485,
      "3": 1,
      "4": 12819,
      "5": 12819,
      "6": 12819,
      "7": 1,
      "8": 1,
      "9": 1,
      "10": 8485,
      "11": 8485,
      "12": 8485,
      "13": 8485,
      "14": 8485,
      "15": 8485
    },
    "f": { "0": 8485, "1": 12819, "2": 8485 },
    "b": { "0": [12819, 8595], "1": [8485, 4334] },
    "_coverageSchema":
      "332fd63041d2c1bcb487cc26dd0d5f7d97098a6c",
    "hash": "79b036628d3a0e25371fc706b6cf6df8e32c51f9"
  },
  "/home/jack/Repos/Work/capture-pdf-text/src/order-items.js": {
    "path":
      "/home/jack/Repos/Work/capture-pdf-text/src/order-items.js",
    "statementMap": {
      "0": {
        "start": { "line": 14, "column": 31 },
        "end": { "line": 20, "column": 1 }
      },
      "1": {
        "start": { "line": 15, "column": 20 },
        "end": { "line": 15, "column": 39 }
      },
      "2": {
        "start": { "line": 16, "column": 17 },
        "end": { "line": 16, "column": 32 }
      },
      "3": {
        "start": { "line": 17, "column": 18 },
        "end": { "line": 17, "column": 51 }
      },
      "4": {
        "start": { "line": 19, "column": 2 },
        "end": { "line": 19, "column": 16 }
      },
      "5": {
        "start": { "line": 22, "column": 24 },
        "end": { "line": 28, "column": 1 }
      },
      "6": {
        "start": { "line": 23, "column": 19 },
        "end": { "line": 23, "column": 25 }
      },
      "7": {
        "start": { "line": 24, "column": 16 },
        "end": { "line": 24, "column": 21 }
      },
      "8": {
        "start": { "line": 25, "column": 18 },
        "end": { "line": 25, "column": 49 }
      },
      "9": {
        "start": { "line": 27, "column": 2 },
        "end": { "line": 27, "column": 16 }
      },
      "10": {
        "start": { "line": 30, "column": 24 },
        "end": { "line": 36, "column": 1 }
      },
      "11": {
        "start": { "line": 31, "column": 19 },
        "end": { "line": 31, "column": 24 }
      },
      "12": {
        "start": { "line": 32, "column": 16 },
        "end": { "line": 32, "column": 22 }
      },
      "13": {
        "start": { "line": 33, "column": 18 },
        "end": { "line": 33, "column": 49 }
      },
      "14": {
        "start": { "line": 35, "column": 2 },
        "end": { "line": 35, "column": 16 }
      }
    },
    "fnMap": {
      "0": {
        "name": "(anonymous_0)",
        "decl": {
          "start": { "line": 14, "column": 31 },
          "end": { "line": 14, "column": 32 }
        },
        "loc": {
          "start": { "line": 14, "column": 40 },
          "end": { "line": 20, "column": 1 }
        },
        "line": 14
      },
      "1": {
        "name": "(anonymous_1)",
        "decl": {
          "start": { "line": 22, "column": 24 },
          "end": { "line": 22, "column": 25 }
        },
        "loc": {
          "start": { "line": 22, "column": 33 },
          "end": { "line": 28, "column": 1 }
        },
        "line": 22
      },
      "2": {
        "name": "(anonymous_2)",
        "decl": {
          "start": { "line": 30, "column": 24 },
          "end": { "line": 30, "column": 25 }
        },
        "loc": {
          "start": { "line": 30, "column": 33 },
          "end": { "line": 36, "column": 1 }
        },
        "line": 30
      }
    },
    "branchMap": {},
    "s": {
      "0": 1,
      "1": 312,
      "2": 312,
      "3": 312,
      "4": 312,
      "5": 1,
      "6": 0,
      "7": 0,
      "8": 0,
      "9": 0,
      "10": 1,
      "11": 0,
      "12": 0,
      "13": 0,
      "14": 0
    },
    "f": { "0": 312, "1": 0, "2": 0 },
    "b": {},
    "_coverageSchema":
      "332fd63041d2c1bcb487cc26dd0d5f7d97098a6c",
    "hash": "369d475060725c7c0eb4280fbbe4d18e68f5d7d8"
  },
  "/home/jack/Repos/Work/capture-pdf-text/src/trees.js": {
    "path":
      "/home/jack/Repos/Work/capture-pdf-text/src/trees.js",
    "statementMap": {
      "0": {
        "start": { "line": 1, "column": 13 },
        "end": { "line": 1, "column": 75 }
      },
      "1": {
        "start": { "line": 1, "column": 75 },
        "end": { "line": 1, "column": 126 }
      },
      "2": {
        "start": { "line": 1, "column": 148 },
        "end": { "line": 1, "column": 175 }
      },
      "3": {
        "start": { "line": 9, "column": 17 },
        "end": { "line": 11, "column": 19 }
      },
      "4": {
        "start": { "line": 14, "column": 16 },
        "end": { "line": 14, "column": 67 }
      }
    },
    "fnMap": {},
    "branchMap": {},
    "s": { "0": 0, "1": 0, "2": 0, "3": 0, "4": 0 },
    "f": {},
    "b": {}
  },
  "/home/jack/Repos/Work/capture-pdf-text/src/utils.js": {
    "path":
      "/home/jack/Repos/Work/capture-pdf-text/src/utils.js",
    "statementMap": {
      "0": {
        "start": { "line": 3, "column": 28 },
        "end": { "line": 10, "column": 2 }
      },
      "1": {
        "start": { "line": 4, "column": 18 },
        "end": { "line": 6, "column": 15 }
      },
      "2": {
        "start": { "line": 5, "column": 19 },
        "end": { "line": 5, "column": 42 }
      },
      "3": {
        "start": { "line": 7, "column": 2 },
        "end": { "line": 9, "column": 3 }
      },
      "4": {
        "start": { "line": 8, "column": 4 },
        "end": { "line": 8, "column": 59 }
      },
      "5": {
        "start": { "line": 12, "column": 23 },
        "end": { "line": 16, "column": 2 }
      },
      "6": {
        "start": { "line": 13, "column": 15 },
        "end": { "line": 13, "column": 35 }
      },
      "7": {
        "start": { "line": 14, "column": 14 },
        "end": { "line": 14, "column": 34 }
      },
      "8": {
        "start": { "line": 15, "column": 2 },
        "end": { "line": 15, "column": 34 }
      },
      "9": {
        "start": { "line": 18, "column": 23 },
        "end": { "line": 20, "column": 2 }
      },
      "10": {
        "start": { "line": 19, "column": 2 },
        "end": { "line": 19, "column": 52 }
      },
      "11": {
        "start": { "line": 22, "column": 21 },
        "end": { "line": 24, "column": 2 }
      },
      "12": {
        "start": { "line": 23, "column": 2 },
        "end": { "line": 23, "column": 30 }
      },
      "13": {
        "start": { "line": 25, "column": 21 },
        "end": { "line": 27, "column": 2 }
      },
      "14": {
        "start": { "line": 26, "column": 2 },
        "end": { "line": 26, "column": 30 }
      },
      "15": {
        "start": { "line": 29, "column": 21 },
        "end": { "line": 32, "column": 1 }
      },
      "16": {
        "start": { "line": 29, "column": 30 },
        "end": { "line": 32, "column": 1 }
      },
      "17": {
        "start": { "line": 30, "column": 2 },
        "end": { "line": 30, "column": 23 }
      },
      "18": {
        "start": { "line": 31, "column": 2 },
        "end": { "line": 31, "column": 10 }
      }
    },
    "fnMap": {
      "0": {
        "name": "(anonymous_0)",
        "decl": {
          "start": { "line": 3, "column": 34 },
          "end": { "line": 3, "column": 35 }
        },
        "loc": {
          "start": { "line": 3, "column": 57 },
          "end": { "line": 10, "column": 1 }
        },
        "line": 3
      },
      "1": {
        "name": "(anonymous_1)",
        "decl": {
          "start": { "line": 5, "column": 12 },
          "end": { "line": 5, "column": 13 }
        },
        "loc": {
          "start": { "line": 5, "column": 19 },
          "end": { "line": 5, "column": 42 }
        },
        "line": 5
      },
      "2": {
        "name": "(anonymous_2)",
        "decl": {
          "start": { "line": 12, "column": 29 },
          "end": { "line": 12, "column": 30 }
        },
        "loc": {
          "start": { "line": 12, "column": 50 },
          "end": { "line": 16, "column": 1 }
        },
        "line": 12
      },
      "3": {
        "name": "(anonymous_3)",
        "decl": {
          "start": { "line": 18, "column": 29 },
          "end": { "line": 18, "column": 30 }
        },
        "loc": {
          "start": { "line": 18, "column": 53 },
          "end": { "line": 20, "column": 1 }
        },
        "line": 18
      },
      "4": {
        "name": "(anonymous_4)",
        "decl": {
          "start": { "line": 22, "column": 27 },
          "end": { "line": 22, "column": 28 }
        },
        "loc": {
          "start": { "line": 22, "column": 51 },
          "end": { "line": 24, "column": 1 }
        },
        "line": 22
      },
      "5": {
        "name": "(anonymous_5)",
        "decl": {
          "start": { "line": 25, "column": 27 },
          "end": { "line": 25, "column": 28 }
        },
        "loc": {
          "start": { "line": 25, "column": 51 },
          "end": { "line": 27, "column": 1 }
        },
        "line": 25
      },
      "6": {
        "name": "(anonymous_6)",
        "decl": {
          "start": { "line": 29, "column": 21 },
          "end": { "line": 29, "column": 22 }
        },
        "loc": {
          "start": { "line": 29, "column": 30 },
          "end": { "line": 32, "column": 1 }
        },
        "line": 29
      },
      "7": {
        "name": "(anonymous_7)",
        "decl": {
          "start": { "line": 29, "column": 30 },
          "end": { "line": 29, "column": 31 }
        },
        "loc": {
          "start": { "line": 29, "column": 35 },
          "end": { "line": 32, "column": 1 }
        },
        "line": 29
      }
    },
    "branchMap": {
      "0": {
        "loc": {
          "start": { "line": 7, "column": 2 },
          "end": { "line": 9, "column": 3 }
        },
        "type": "if",
        "locations": [
          {
            "start": { "line": 7, "column": 2 },
            "end": { "line": 9, "column": 3 }
          },
          {
            "start": { "line": 7, "column": 2 },
            "end": { "line": 9, "column": 3 }
          }
        ],
        "line": 7
      },
      "1": {
        "loc": {
          "start": { "line": 15, "column": 9 },
          "end": { "line": 15, "column": 34 }
        },
        "type": "binary-expr",
        "locations": [
          {
            "start": { "line": 15, "column": 9 },
            "end": { "line": 15, "column": 19 }
          },
          {
            "start": { "line": 15, "column": 23 },
            "end": { "line": 15, "column": 34 }
          }
        ],
        "line": 15
      }
    },
    "s": {
      "0": 1,
      "1": 16970,
      "2": 84850,
      "3": 16970,
      "4": 0,
      "5": 1,
      "6": 21490,
      "7": 21490,
      "8": 21490,
      "9": 1,
      "10": 76,
      "11": 1,
      "12": 330,
      "13": 1,
      "14": 352,
      "15": 1,
      "16": 0,
      "17": 0,
      "18": 0
    },
    "f": {
      "0": 16970,
      "1": 84850,
      "2": 21490,
      "3": 76,
      "4": 330,
      "5": 352,
      "6": 0,
      "7": 0
    },
    "b": { "0": [0, 16970], "1": [21490, 10582] },
    "_coverageSchema":
      "332fd63041d2c1bcb487cc26dd0d5f7d97098a6c",
    "hash": "43857cab898b0be1dc4772864f5b3ec67bc4f4ae"
  }
}
