{
  "/home/jack/Repos/Work/capture-pdf-text/src/apply-options.js": {
    "path":
      "/home/jack/Repos/Work/capture-pdf-text/src/apply-options.js",
    "statementMap": {
      "0": {
        "start": { "line": 1, "column": 13 },
        "end": { "line": 1, "column": 75 }
      },
      "1": {
        "start": { "line": 12, "column": 19 },
        "end": { "line": 27, "column": 1 }
      },
      "2": {
        "start": { "line": 12, "column": 63 },
        "end": { "line": 12, "column": 133 }
      },
      "3": {
        "start": { "line": 13, "column": 2 },
        "end": { "line": 24, "column": 3 }
      },
      "4": {
        "start": { "line": 15, "column": 18 },
        "end": { "line": 15, "column": 31 }
      },
      "5": {
        "start": { "line": 16, "column": 20 },
        "end": { "line": 16, "column": 101 }
      },
      "6": {
        "start": { "line": 17, "column": 4 },
        "end": { "line": 17, "column": 53 }
      },
      "7": {
        "start": { "line": 23, "column": 4 },
        "end": { "line": 23, "column": 45 }
      },
      "8": {
        "start": { "line": 26, "column": 2 },
        "end": { "line": 26, "column": 15 }
      },
      "9": {
        "start": { "line": 27, "column": 2 },
        "end": { "line": 29, "column": 13 }
      }
    },
    "fnMap": {
      "0": {
        "name": "applyOptions",
        "decl": {
          "start": { "line": 12, "column": 28 },
          "end": { "line": 12, "column": 40 }
        },
        "loc": {
          "start": { "line": 12, "column": 48 },
          "end": { "line": 27, "column": 1 }
        },
        "line": 12
      }
    },
    "branchMap": {
      "0": {
        "loc": {
          "start": { "line": 12, "column": 63 },
          "end": { "line": 12, "column": 133 }
        },
        "type": "cond-expr",
        "locations": [
          {
            "start": { "line": 12, "column": 116 },
            "end": { "line": 12, "column": 128 }
          },
          {
            "start": { "line": 12, "column": 131 },
            "end": { "line": 12, "column": 133 }
          }
        ],
        "line": 12
      },
      "1": {
        "loc": {
          "start": { "line": 12, "column": 63 },
          "end": { "line": 12, "column": 113 }
        },
        "type": "binary-expr",
        "locations": [
          {
            "start": { "line": 12, "column": 63 },
            "end": { "line": 12, "column": 83 }
          },
          {
            "start": { "line": 12, "column": 87 },
            "end": { "line": 12, "column": 113 }
          }
        ],
        "line": 12
      },
      "2": {
        "loc": {
          "start": { "line": 13, "column": 2 },
          "end": { "line": 24, "column": 3 }
        },
        "type": "if",
        "locations": [
          {
            "start": { "line": 13, "column": 2 },
            "end": { "line": 24, "column": 3 }
          },
          {
            "start": { "line": 13, "column": 2 },
            "end": { "line": 24, "column": 3 }
          }
        ],
        "line": 13
      },
      "3": {
        "loc": {
          "start": { "line": 17, "column": 22 },
          "end": { "line": 17, "column": 52 }
        },
        "type": "binary-expr",
        "locations": [
          {
            "start": { "line": 17, "column": 22 },
            "end": { "line": 17, "column": 39 }
          },
          {
            "start": { "line": 17, "column": 43 },
            "end": { "line": 17, "column": 52 }
          }
        ],
        "line": 17
      },
      "4": {
        "loc": {
          "start": { "line": 23, "column": 22 },
          "end": { "line": 23, "column": 44 }
        },
        "type": "binary-expr",
        "locations": [
          {
            "start": { "line": 23, "column": 22 },
            "end": { "line": 23, "column": 39 }
          },
          {
            "start": { "line": 23, "column": 43 },
            "end": { "line": 23, "column": 44 }
          }
        ],
        "line": 23
      }
    },
    "s": {
      "0": 0,
      "1": 0,
      "2": 0,
      "3": 0,
      "4": 0,
      "5": 0,
      "6": 0,
      "7": 0,
      "8": 0,
      "9": 0
    },
    "f": { "0": 0 },
    "b": {
      "0": [0, 0],
      "1": [0, 0],
      "2": [0, 0],
      "3": [0, 0],
      "4": [0, 0]
    }
  },
  "/home/jack/Repos/Work/capture-pdf-text/src/classes.js": {
    "path":
      "/home/jack/Repos/Work/capture-pdf-text/src/classes.js",
    "statementMap": {
      "0": {
        "start": { "line": 5, "column": 4 },
        "end": { "line": 5, "column": 28 }
      },
      "1": {
        "start": { "line": 6, "column": 4 },
        "end": { "line": 6, "column": 24 }
      },
      "2": {
        "start": { "line": 7, "column": 4 },
        "end": { "line": 7, "column": 19 }
      },
      "3": {
        "start": { "line": 19, "column": 37 },
        "end": { "line": 19, "column": 41 }
      },
      "4": {
        "start": { "line": 20, "column": 41 },
        "end": { "line": 20, "column": 55 }
      },
      "5": {
        "start": { "line": 22, "column": 4 },
        "end": { "line": 22, "column": 28 }
      },
      "6": {
        "start": { "line": 23, "column": 4 },
        "end": { "line": 23, "column": 19 }
      },
      "7": {
        "start": { "line": 25, "column": 4 },
        "end": { "line": 25, "column": 24 }
      },
      "8": {
        "start": { "line": 26, "column": 4 },
        "end": { "line": 26, "column": 22 }
      },
      "9": {
        "start": { "line": 28, "column": 4 },
        "end": { "line": 28, "column": 30 }
      },
      "10": {
        "start": { "line": 29, "column": 4 },
        "end": { "line": 29, "column": 29 }
      },
      "11": {
        "start": { "line": 30, "column": 4 },
        "end": { "line": 30, "column": 24 }
      },
      "12": {
        "start": { "line": 31, "column": 4 },
        "end": { "line": 31, "column": 20 }
      },
      "13": {
        "start": { "line": 39, "column": 4 },
        "end": { "line": 39, "column": 24 }
      },
      "14": {
        "start": { "line": 43, "column": 4 },
        "end": { "line": 45, "column": 13 }
      },
      "15": {
        "start": { "line": 44, "column": 27 },
        "end": { "line": 44, "column": 50 }
      },
      "16": {
        "start": { "line": 48, "column": 4 },
        "end": { "line": 48, "column": 20 }
      },
      "17": {
        "start": { "line": 53, "column": 4 },
        "end": { "line": 53, "column": 65 }
      },
      "18": {
        "start": { "line": 53, "column": 45 },
        "end": { "line": 53, "column": 61 }
      },
      "19": {
        "start": { "line": 56, "column": 4 },
        "end": { "line": 56, "column": 20 }
      },
      "20": {
        "start": { "line": 61, "column": 4 },
        "end": { "line": 64, "column": 5 }
      },
      "21": {
        "start": { "line": 62, "column": 24 },
        "end": { "line": 62, "column": 42 }
      },
      "22": {
        "start": { "line": 67, "column": 4 },
        "end": { "line": 67, "column": 20 }
      },
      "23": {
        "start": { "line": 72, "column": 4 },
        "end": { "line": 75, "column": 5 }
      },
      "24": {
        "start": { "line": 73, "column": 25 },
        "end": { "line": 73, "column": 44 }
      },
      "25": {
        "start": { "line": 78, "column": 4 },
        "end": { "line": 78, "column": 20 }
      },
      "26": {
        "start": { "line": 83, "column": 4 },
        "end": { "line": 86, "column": 5 }
      },
      "27": {
        "start": { "line": 84, "column": 23 },
        "end": { "line": 84, "column": 40 }
      },
      "28": {
        "start": { "line": 89, "column": 4 },
        "end": { "line": 89, "column": 20 }
      },
      "29": {
        "start": { "line": 94, "column": 4 },
        "end": { "line": 94, "column": 33 }
      },
      "30": {
        "start": { "line": 97, "column": 4 },
        "end": { "line": 97, "column": 20 }
      },
      "31": {
        "start": { "line": 102, "column": 4 },
        "end": { "line": 102, "column": 33 }
      },
      "32": {
        "start": { "line": 105, "column": 4 },
        "end": { "line": 105, "column": 20 }
      },
      "33": {
        "start": { "line": 109, "column": 20 },
        "end": { "line": 109, "column": 49 }
      },
      "34": {
        "start": { "line": 110, "column": 4 },
        "end": { "line": 110, "column": 18 }
      },
      "35": {
        "start": { "line": 113, "column": 4 },
        "end": { "line": 113, "column": 20 }
      }
    },
    "fnMap": {
      "0": {
        "name": "(anonymous_0)",
        "decl": {
          "start": { "line": 4, "column": 2 },
          "end": { "line": 4, "column": 3 }
        },
        "loc": {
          "start": { "line": 4, "column": 37 },
          "end": { "line": 8, "column": 3 }
        },
        "line": 4
      },
      "1": {
        "name": "(anonymous_1)",
        "decl": {
          "start": { "line": 18, "column": 2 },
          "end": { "line": 18, "column": 3 }
        },
        "loc": {
          "start": { "line": 18, "column": 21 },
          "end": { "line": 32, "column": 3 }
        },
        "line": 18
      },
      "2": {
        "name": "(anonymous_2)",
        "decl": {
          "start": { "line": 36, "column": 2 },
          "end": { "line": 36, "column": 3 }
        },
        "loc": {
          "start": { "line": 36, "column": 22 },
          "end": { "line": 40, "column": 3 }
        },
        "line": 36
      },
      "3": {
        "name": "(anonymous_3)",
        "decl": {
          "start": { "line": 42, "column": 2 },
          "end": { "line": 42, "column": 3 }
        },
        "loc": {
          "start": { "line": 42, "column": 14 },
          "end": { "line": 46, "column": 3 }
        },
        "line": 42
      },
      "4": {
        "name": "(anonymous_4)",
        "decl": {
          "start": { "line": 44, "column": 14 },
          "end": { "line": 44, "column": 15 }
        },
        "loc": {
          "start": { "line": 44, "column": 27 },
          "end": { "line": 44, "column": 50 }
        },
        "line": 44
      },
      "5": {
        "name": "(anonymous_5)",
        "decl": {
          "start": { "line": 47, "column": 2 },
          "end": { "line": 47, "column": 3 }
        },
        "loc": {
          "start": { "line": 47, "column": 15 },
          "end": { "line": 49, "column": 3 }
        },
        "line": 47
      },
      "6": {
        "name": "(anonymous_6)",
        "decl": {
          "start": { "line": 52, "column": 2 },
          "end": { "line": 52, "column": 3 }
        },
        "loc": {
          "start": { "line": 52, "column": 13 },
          "end": { "line": 54, "column": 3 }
        },
        "line": 52
      },
      "7": {
        "name": "(anonymous_7)",
        "decl": {
          "start": { "line": 53, "column": 29 },
          "end": { "line": 53, "column": 30 }
        },
        "loc": {
          "start": { "line": 53, "column": 45 },
          "end": { "line": 53, "column": 61 }
        },
        "line": 53
      },
      "8": {
        "name": "(anonymous_8)",
        "decl": {
          "start": { "line": 55, "column": 2 },
          "end": { "line": 55, "column": 3 }
        },
        "loc": {
          "start": { "line": 55, "column": 14 },
          "end": { "line": 57, "column": 3 }
        },
        "line": 55
      },
      "9": {
        "name": "(anonymous_9)",
        "decl": {
          "start": { "line": 60, "column": 2 },
          "end": { "line": 60, "column": 3 }
        },
        "loc": {
          "start": { "line": 60, "column": 15 },
          "end": { "line": 65, "column": 3 }
        },
        "line": 60
      },
      "10": {
        "name": "(anonymous_10)",
        "decl": {
          "start": { "line": 62, "column": 6 },
          "end": { "line": 62, "column": 7 }
        },
        "loc": {
          "start": { "line": 62, "column": 24 },
          "end": { "line": 62, "column": 42 }
        },
        "line": 62
      },
      "11": {
        "name": "(anonymous_11)",
        "decl": {
          "start": { "line": 66, "column": 2 },
          "end": { "line": 66, "column": 3 }
        },
        "loc": {
          "start": { "line": 66, "column": 16 },
          "end": { "line": 68, "column": 3 }
        },
        "line": 66
      },
      "12": {
        "name": "(anonymous_12)",
        "decl": {
          "start": { "line": 71, "column": 2 },
          "end": { "line": 71, "column": 3 }
        },
        "loc": {
          "start": { "line": 71, "column": 16 },
          "end": { "line": 76, "column": 3 }
        },
        "line": 71
      },
      "13": {
        "name": "(anonymous_13)",
        "decl": {
          "start": { "line": 73, "column": 6 },
          "end": { "line": 73, "column": 7 }
        },
        "loc": {
          "start": { "line": 73, "column": 25 },
          "end": { "line": 73, "column": 44 }
        },
        "line": 73
      },
      "14": {
        "name": "(anonymous_14)",
        "decl": {
          "start": { "line": 77, "column": 2 },
          "end": { "line": 77, "column": 3 }
        },
        "loc": {
          "start": { "line": 77, "column": 17 },
          "end": { "line": 79, "column": 3 }
        },
        "line": 77
      },
      "15": {
        "name": "(anonymous_15)",
        "decl": {
          "start": { "line": 82, "column": 2 },
          "end": { "line": 82, "column": 3 }
        },
        "loc": {
          "start": { "line": 82, "column": 14 },
          "end": { "line": 87, "column": 3 }
        },
        "line": 82
      },
      "16": {
        "name": "(anonymous_16)",
        "decl": {
          "start": { "line": 84, "column": 6 },
          "end": { "line": 84, "column": 7 }
        },
        "loc": {
          "start": { "line": 84, "column": 23 },
          "end": { "line": 84, "column": 40 }
        },
        "line": 84
      },
      "17": {
        "name": "(anonymous_17)",
        "decl": {
          "start": { "line": 88, "column": 2 },
          "end": { "line": 88, "column": 3 }
        },
        "loc": {
          "start": { "line": 88, "column": 15 },
          "end": { "line": 90, "column": 3 }
        },
        "line": 88
      },
      "18": {
        "name": "(anonymous_18)",
        "decl": {
          "start": { "line": 93, "column": 2 },
          "end": { "line": 93, "column": 3 }
        },
        "loc": {
          "start": { "line": 93, "column": 16 },
          "end": { "line": 95, "column": 3 }
        },
        "line": 93
      },
      "19": {
        "name": "(anonymous_19)",
        "decl": {
          "start": { "line": 96, "column": 2 },
          "end": { "line": 96, "column": 3 }
        },
        "loc": {
          "start": { "line": 96, "column": 17 },
          "end": { "line": 98, "column": 3 }
        },
        "line": 96
      },
      "20": {
        "name": "(anonymous_20)",
        "decl": {
          "start": { "line": 101, "column": 2 },
          "end": { "line": 101, "column": 3 }
        },
        "loc": {
          "start": { "line": 101, "column": 15 },
          "end": { "line": 103, "column": 3 }
        },
        "line": 101
      },
      "21": {
        "name": "(anonymous_21)",
        "decl": {
          "start": { "line": 104, "column": 2 },
          "end": { "line": 104, "column": 3 }
        },
        "loc": {
          "start": { "line": 104, "column": 16 },
          "end": { "line": 106, "column": 3 }
        },
        "line": 104
      },
      "22": {
        "name": "(anonymous_22)",
        "decl": {
          "start": { "line": 108, "column": 2 },
          "end": { "line": 108, "column": 3 }
        },
        "loc": {
          "start": { "line": 108, "column": 15 },
          "end": { "line": 111, "column": 3 }
        },
        "line": 108
      },
      "23": {
        "name": "(anonymous_23)",
        "decl": {
          "start": { "line": 112, "column": 2 },
          "end": { "line": 112, "column": 3 }
        },
        "loc": {
          "start": { "line": 112, "column": 16 },
          "end": { "line": 114, "column": 3 }
        },
        "line": 112
      }
    },
    "branchMap": {},
    "s": {
      "0": 3,
      "1": 3,
      "2": 3,
      "3": 13,
      "4": 13,
      "5": 13,
      "6": 13,
      "7": 13,
      "8": 13,
      "9": 13,
      "10": 13,
      "11": 13,
      "12": 13,
      "13": 4,
      "14": 3,
      "15": 9,
      "16": 1,
      "17": 5,
      "18": 15,
      "19": 1,
      "20": 5,
      "21": 15,
      "22": 1,
      "23": 5,
      "24": 15,
      "25": 1,
      "26": 5,
      "27": 15,
      "28": 1,
      "29": 2,
      "30": 1,
      "31": 2,
      "32": 1,
      "33": 26,
      "34": 26,
      "35": 1
    },
    "f": {
      "0": 3,
      "1": 13,
      "2": 4,
      "3": 3,
      "4": 9,
      "5": 1,
      "6": 5,
      "7": 15,
      "8": 1,
      "9": 5,
      "10": 15,
      "11": 1,
      "12": 5,
      "13": 15,
      "14": 1,
      "15": 5,
      "16": 15,
      "17": 1,
      "18": 2,
      "19": 1,
      "20": 2,
      "21": 1,
      "22": 26,
      "23": 1
    },
    "b": {},
    "_coverageSchema":
      "332fd63041d2c1bcb487cc26dd0d5f7d97098a6c",
    "hash": "508d5f549c175e2037cbe9927054d43d235482e1"
  },
  "/home/jack/Repos/Work/capture-pdf-text/src/group-into-blocks.js": {
    "path":
      "/home/jack/Repos/Work/capture-pdf-text/src/group-into-blocks.js",
    "statementMap": {
      "0": {
        "start": { "line": 1, "column": 13 },
        "end": { "line": 1, "column": 75 }
      },
      "1": {
        "start": { "line": 1, "column": 85 },
        "end": { "line": 1, "column": 105 }
      },
      "2": {
        "start": { "line": 1, "column": 117 },
        "end": { "line": 1, "column": 144 }
      },
      "3": {
        "start": { "line": 3, "column": 13 },
        "end": { "line": 3, "column": 31 }
      },
      "4": {
        "start": { "line": 3, "column": 46 },
        "end": { "line": 3, "column": 76 }
      },
      "5": {
        "start": { "line": 4, "column": 15 },
        "end": { "line": 4, "column": 35 }
      },
      "6": {
        "start": { "line": 5, "column": 14 },
        "end": { "line": 5, "column": 33 }
      },
      "7": {
        "start": { "line": 5, "column": 72 },
        "end": { "line": 5, "column": 126 }
      },
      "8": {
        "start": { "line": 5, "column": 161 },
        "end": { "line": 5, "column": 312 }
      },
      "9": {
        "start": { "line": 5, "column": 186 },
        "end": { "line": 5, "column": 268 }
      },
      "10": {
        "start": { "line": 5, "column": 250 },
        "end": { "line": 5, "column": 267 }
      },
      "11": {
        "start": { "line": 5, "column": 268 },
        "end": { "line": 5, "column": 280 }
      },
      "12": {
        "start": { "line": 5, "column": 288 },
        "end": { "line": 5, "column": 311 }
      },
      "13": {
        "start": { "line": 7, "column": 14 },
        "end": { "line": 21, "column": 5 }
      },
      "14": {
        "start": { "line": 7, "column": 36 },
        "end": { "line": 21, "column": 4 }
      },
      "15": {
        "start": { "line": 8, "column": 19 },
        "end": { "line": 18, "column": 17 }
      },
      "16": {
        "start": { "line": 9, "column": 14 },
        "end": { "line": 9, "column": 24 }
      },
      "17": {
        "start": { "line": 11, "column": 25 },
        "end": { "line": 11, "column": 52 }
      },
      "18": {
        "start": { "line": 13, "column": 17 },
        "end": { "line": 13, "column": 58 }
      },
      "19": {
        "start": { "line": 14, "column": 16 },
        "end": { "line": 14, "column": 48 }
      },
      "20": {
        "start": { "line": 16, "column": 18 },
        "end": { "line": 16, "column": 36 }
      },
      "21": {
        "start": { "line": 17, "column": 6 },
        "end": { "line": 17, "column": 72 }
      },
      "22": {
        "start": { "line": 20, "column": 4 },
        "end": { "line": 20, "column": 60 }
      },
      "23": {
        "start": { "line": 21, "column": 6 },
        "end": { "line": 44, "column": 2 }
      },
      "24": {
        "start": { "line": 27, "column": 21 },
        "end": { "line": 27, "column": 40 }
      },
      "25": {
        "start": { "line": 31, "column": 15 },
        "end": { "line": 41, "column": 8 }
      },
      "26": {
        "start": { "line": 32, "column": 24 },
        "end": { "line": 32, "column": 103 }
      },
      "27": {
        "start": { "line": 34, "column": 25 },
        "end": { "line": 34, "column": 62 }
      },
      "28": {
        "start": { "line": 37, "column": 4 },
        "end": { "line": 37, "column": 31 }
      },
      "29": {
        "start": { "line": 37, "column": 41 },
        "end": { "line": 37, "column": 59 }
      },
      "30": {
        "start": { "line": 38, "column": 17 },
        "end": { "line": 38, "column": 119 }
      },
      "31": {
        "start": { "line": 38, "column": 42 },
        "end": { "line": 38, "column": 117 }
      },
      "32": {
        "start": { "line": 40, "column": 4 },
        "end": { "line": 40, "column": 18 }
      },
      "33": {
        "start": { "line": 43, "column": 2 },
        "end": { "line": 43, "column": 38 }
      }
    },
    "fnMap": {
      "0": {
        "name": "_interopRequireDefault",
        "decl": {
          "start": { "line": 5, "column": 43 },
          "end": { "line": 5, "column": 65 }
        },
        "loc": {
          "start": { "line": 5, "column": 71 },
          "end": { "line": 5, "column": 127 }
        },
        "line": 5
      },
      "1": {
        "name": "_toConsumableArray",
        "decl": {
          "start": { "line": 5, "column": 136 },
          "end": { "line": 5, "column": 154 }
        },
        "loc": {
          "start": { "line": 5, "column": 160 },
          "end": { "line": 5, "column": 313 }
        },
        "line": 5
      },
      "2": {
        "name": "groupBy",
        "decl": {
          "start": { "line": 7, "column": 23 },
          "end": { "line": 7, "column": 30 }
        },
        "loc": {
          "start": { "line": 7, "column": 35 },
          "end": { "line": 21, "column": 5 }
        },
        "line": 7
      },
      "3": {
        "name": "(anonymous_3)",
        "decl": {
          "start": { "line": 7, "column": 43 },
          "end": { "line": 7, "column": 44 }
        },
        "loc": {
          "start": { "line": 7, "column": 60 },
          "end": { "line": 21, "column": 3 }
        },
        "line": 7
      },
      "4": {
        "name": "(anonymous_4)",
        "decl": {
          "start": { "line": 8, "column": 32 },
          "end": { "line": 8, "column": 33 }
        },
        "loc": {
          "start": { "line": 8, "column": 53 },
          "end": { "line": 18, "column": 5 }
        },
        "line": 8
      },
      "5": {
        "name": "(anonymous_5)",
        "decl": {
          "start": { "line": 23, "column": 0 },
          "end": { "line": 23, "column": 1 }
        },
        "loc": {
          "start": { "line": 23, "column": 17 },
          "end": { "line": 44, "column": 1 }
        },
        "line": 23
      },
      "6": {
        "name": "(anonymous_6)",
        "decl": {
          "start": { "line": 32, "column": 6 },
          "end": { "line": 32, "column": 7 }
        },
        "loc": {
          "start": { "line": 32, "column": 23 },
          "end": { "line": 32, "column": 104 }
        },
        "line": 32
      },
      "7": {
        "name": "(anonymous_7)",
        "decl": {
          "start": { "line": 34, "column": 8 },
          "end": { "line": 34, "column": 9 }
        },
        "loc": {
          "start": { "line": 34, "column": 24 },
          "end": { "line": 34, "column": 63 }
        },
        "line": 34
      },
      "8": {
        "name": "(anonymous_8)",
        "decl": {
          "start": { "line": 36, "column": 7 },
          "end": { "line": 36, "column": 8 }
        },
        "loc": {
          "start": { "line": 36, "column": 24 },
          "end": { "line": 41, "column": 3 }
        },
        "line": 36
      },
      "9": {
        "name": "(anonymous_9)",
        "decl": {
          "start": { "line": 38, "column": 28 },
          "end": { "line": 38, "column": 29 }
        },
        "loc": {
          "start": { "line": 38, "column": 41 },
          "end": { "line": 38, "column": 118 }
        },
        "line": 38
      }
    },
    "branchMap": {
      "0": {
        "loc": {
          "start": { "line": 5, "column": 79 },
          "end": { "line": 5, "column": 125 }
        },
        "type": "cond-expr",
        "locations": [
          {
            "start": { "line": 5, "column": 103 },
            "end": { "line": 5, "column": 106 }
          },
          {
            "start": { "line": 5, "column": 109 },
            "end": { "line": 5, "column": 125 }
          }
        ],
        "line": 5
      },
      "1": {
        "loc": {
          "start": { "line": 5, "column": 79 },
          "end": { "line": 5, "column": 100 }
        },
        "type": "binary-expr",
        "locations": [
          {
            "start": { "line": 5, "column": 79 },
            "end": { "line": 5, "column": 82 }
          },
          {
            "start": { "line": 5, "column": 86 },
            "end": { "line": 5, "column": 100 }
          }
        ],
        "line": 5
      },
      "2": {
        "loc": {
          "start": { "line": 5, "column": 161 },
          "end": { "line": 5, "column": 312 }
        },
        "type": "if",
        "locations": [
          {
            "start": { "line": 5, "column": 161 },
            "end": { "line": 5, "column": 312 }
          },
          {
            "start": { "line": 5, "column": 161 },
            "end": { "line": 5, "column": 312 }
          }
        ],
        "line": 5
      },
      "3": {
        "loc": {
          "start": { "line": 14, "column": 16 },
          "end": { "line": 14, "column": 48 }
        },
        "type": "binary-expr",
        "locations": [
          {
            "start": { "line": 14, "column": 16 },
            "end": { "line": 14, "column": 39 }
          },
          {
            "start": { "line": 14, "column": 43 },
            "end": { "line": 14, "column": 48 }
          }
        ],
        "line": 14
      },
      "4": {
        "loc": {
          "start": { "line": 16, "column": 18 },
          "end": { "line": 16, "column": 36 }
        },
        "type": "binary-expr",
        "locations": [
          {
            "start": { "line": 16, "column": 18 },
            "end": { "line": 16, "column": 30 }
          },
          {
            "start": { "line": 16, "column": 34 },
            "end": { "line": 16, "column": 36 }
          }
        ],
        "line": 16
      }
    },
    "s": {
      "0": 0,
      "1": 0,
      "2": 0,
      "3": 0,
      "4": 0,
      "5": 0,
      "6": 0,
      "7": 0,
      "8": 0,
      "9": 0,
      "10": 0,
      "11": 0,
      "12": 0,
      "13": 0,
      "14": 0,
      "15": 0,
      "16": 0,
      "17": 0,
      "18": 0,
      "19": 0,
      "20": 0,
      "21": 0,
      "22": 0,
      "23": 0,
      "24": 0,
      "25": 0,
      "26": 0,
      "27": 0,
      "28": 0,
      "29": 0,
      "30": 0,
      "31": 0,
      "32": 0,
      "33": 0
    },
    "f": {
      "0": 0,
      "1": 0,
      "2": 0,
      "3": 0,
      "4": 0,
      "5": 0,
      "6": 0,
      "7": 0,
      "8": 0,
      "9": 0
    },
    "b": {
      "0": [0, 0],
      "1": [0, 0],
      "2": [0, 0],
      "3": [0, 0],
      "4": [0, 0]
    }
  },
  "/home/jack/Repos/Work/capture-pdf-text/src/load-document.js": {
    "path":
      "/home/jack/Repos/Work/capture-pdf-text/src/load-document.js",
    "statementMap": {
      "0": {
        "start": { "line": 1, "column": 13 },
        "end": { "line": 1, "column": 75 }
      },
      "1": {
        "start": { "line": 1, "column": 75 },
        "end": { "line": 1, "column": 140 }
      },
      "2": {
        "start": { "line": 1, "column": 155 },
        "end": { "line": 1, "column": 175 }
      },
      "3": {
        "start": { "line": 1, "column": 208 },
        "end": { "line": 1, "column": 608 }
      },
      "4": {
        "start": { "line": 1, "column": 238 },
        "end": { "line": 1, "column": 263 }
      },
      "5": {
        "start": { "line": 1, "column": 264 },
        "end": { "line": 1, "column": 606 }
      },
      "6": {
        "start": { "line": 1, "column": 336 },
        "end": { "line": 1, "column": 428 }
      },
      "7": {
        "start": { "line": 1, "column": 352 },
        "end": { "line": 1, "column": 365 }
      },
      "8": {
        "start": { "line": 1, "column": 378 },
        "end": { "line": 1, "column": 388 }
      },
      "9": {
        "start": { "line": 1, "column": 406 },
        "end": { "line": 1, "column": 420 }
      },
      "10": {
        "start": { "line": 1, "column": 420 },
        "end": { "line": 1, "column": 427 }
      },
      "11": {
        "start": { "line": 1, "column": 428 },
        "end": { "line": 1, "column": 582 }
      },
      "12": {
        "start": { "line": 1, "column": 444 },
        "end": { "line": 1, "column": 459 }
      },
      "13": {
        "start": { "line": 1, "column": 467 },
        "end": { "line": 1, "column": 581 }
      },
      "14": {
        "start": { "line": 1, "column": 520 },
        "end": { "line": 1, "column": 540 }
      },
      "15": {
        "start": { "line": 1, "column": 559 },
        "end": { "line": 1, "column": 578 }
      },
      "16": {
        "start": { "line": 1, "column": 583 },
        "end": { "line": 1, "column": 603 }
      },
      "17": {
        "start": { "line": 3, "column": 19 },
        "end": { "line": 36, "column": 1 }
      },
      "18": {
        "start": { "line": 4, "column": 14 },
        "end": { "line": 4, "column": 34 }
      },
      "19": {
        "start": { "line": 14, "column": 16 },
        "end": { "line": 26, "column": 340 }
      },
      "20": {
        "start": { "line": 14, "column": 40 },
        "end": { "line": 26, "column": 270 }
      },
      "21": {
        "start": { "line": 14, "column": 140 },
        "end": { "line": 26, "column": 267 }
      },
      "22": {
        "start": { "line": 14, "column": 200 },
        "end": { "line": 26, "column": 233 }
      },
      "23": {
        "start": { "line": 14, "column": 211 },
        "end": { "line": 26, "column": 232 }
      },
      "24": {
        "start": { "line": 14, "column": 258 },
        "end": { "line": 14, "column": 276 }
      },
      "25": {
        "start": { "line": 14, "column": 276 },
        "end": { "line": 16, "column": 54 }
      },
      "26": {
        "start": { "line": 16, "column": 28 },
        "end": { "line": 16, "column": 47 }
      },
      "27": {
        "start": { "line": 16, "column": 47 },
        "end": { "line": 16, "column": 53 }
      },
      "28": {
        "start": { "line": 16, "column": 54 },
        "end": { "line": 16, "column": 72 }
      },
      "29": {
        "start": { "line": 16, "column": 72 },
        "end": { "line": 17, "column": 32 }
      },
      "30": {
        "start": { "line": 17, "column": 39 },
        "end": { "line": 17, "column": 60 }
      },
      "31": {
        "start": { "line": 17, "column": 60 },
        "end": { "line": 17, "column": 78 }
      },
      "32": {
        "start": { "line": 17, "column": 78 },
        "end": { "line": 18, "column": 39 }
      },
      "33": {
        "start": { "line": 18, "column": 46 },
        "end": { "line": 18, "column": 68 }
      },
      "34": {
        "start": { "line": 18, "column": 68 },
        "end": { "line": 18, "column": 88 }
      },
      "35": {
        "start": { "line": 18, "column": 88 },
        "end": { "line": 23, "column": 87 }
      },
      "36": {
        "start": { "line": 23, "column": 50 },
        "end": { "line": 23, "column": 81 }
      },
      "37": {
        "start": { "line": 23, "column": 95 },
        "end": { "line": 26, "column": 76 }
      },
      "38": {
        "start": { "line": 26, "column": 84 },
        "end": { "line": 26, "column": 103 }
      },
      "39": {
        "start": { "line": 26, "column": 103 },
        "end": { "line": 26, "column": 109 }
      },
      "40": {
        "start": { "line": 26, "column": 117 },
        "end": { "line": 26, "column": 136 }
      },
      "41": {
        "start": { "line": 26, "column": 136 },
        "end": { "line": 26, "column": 171 }
      },
      "42": {
        "start": { "line": 26, "column": 171 },
        "end": { "line": 26, "column": 189 }
      },
      "43": {
        "start": { "line": 26, "column": 208 },
        "end": { "line": 26, "column": 231 }
      },
      "44": {
        "start": { "line": 26, "column": 271 },
        "end": { "line": 26, "column": 337 }
      },
      "45": {
        "start": { "line": 26, "column": 300 },
        "end": { "line": 26, "column": 335 }
      },
      "46": {
        "start": { "line": 33, "column": 2 },
        "end": { "line": 33, "column": 28 }
      },
      "47": {
        "start": { "line": 35, "column": 2 },
        "end": { "line": 35, "column": 17 }
      },
      "48": {
        "start": { "line": 48, "column": 28 },
        "end": { "line": 50, "column": 193 }
      },
      "49": {
        "start": { "line": 48, "column": 85 },
        "end": { "line": 50, "column": 102 }
      },
      "50": {
        "start": { "line": 48, "column": 181 },
        "end": { "line": 50, "column": 99 }
      },
      "51": {
        "start": { "line": 48, "column": 243 },
        "end": { "line": 50, "column": 75 }
      },
      "52": {
        "start": { "line": 48, "column": 254 },
        "end": { "line": 50, "column": 74 }
      },
      "53": {
        "start": { "line": 48, "column": 303 },
        "end": { "line": 48, "column": 322 }
      },
      "54": {
        "start": { "line": 48, "column": 322 },
        "end": { "line": 49, "column": 39 }
      },
      "55": {
        "start": { "line": 49, "column": 46 },
        "end": { "line": 49, "column": 67 }
      },
      "56": {
        "start": { "line": 49, "column": 67 },
        "end": { "line": 50, "column": 31 }
      },
      "57": {
        "start": { "line": 50, "column": 49 },
        "end": { "line": 50, "column": 73 }
      },
      "58": {
        "start": { "line": 50, "column": 103 },
        "end": { "line": 50, "column": 190 }
      },
      "59": {
        "start": { "line": 50, "column": 152 },
        "end": { "line": 50, "column": 188 }
      }
    },
    "fnMap": {
      "0": {
        "name": "_asyncToGenerator",
        "decl": {
          "start": { "line": 1, "column": 185 },
          "end": { "line": 1, "column": 202 }
        },
        "loc": {
          "start": { "line": 1, "column": 207 },
          "end": { "line": 1, "column": 609 }
        },
        "line": 1
      },
      "1": {
        "name": "(anonymous_1)",
        "decl": {
          "start": { "line": 1, "column": 215 },
          "end": { "line": 1, "column": 216 }
        },
        "loc": {
          "start": { "line": 1, "column": 227 },
          "end": { "line": 1, "column": 607 }
        },
        "line": 1
      },
      "2": {
        "name": "(anonymous_2)",
        "decl": {
          "start": { "line": 1, "column": 283 },
          "end": { "line": 1, "column": 284 }
        },
        "loc": {
          "start": { "line": 1, "column": 310 },
          "end": { "line": 1, "column": 604 }
        },
        "line": 1
      },
      "3": {
        "name": "step",
        "decl": {
          "start": { "line": 1, "column": 320 },
          "end": { "line": 1, "column": 324 }
        },
        "loc": {
          "start": { "line": 1, "column": 335 },
          "end": { "line": 1, "column": 583 }
        },
        "line": 1
      },
      "4": {
        "name": "(anonymous_4)",
        "decl": {
          "start": { "line": 1, "column": 502 },
          "end": { "line": 1, "column": 503 }
        },
        "loc": {
          "start": { "line": 1, "column": 519 },
          "end": { "line": 1, "column": 541 }
        },
        "line": 1
      },
      "5": {
        "name": "(anonymous_5)",
        "decl": {
          "start": { "line": 1, "column": 543 },
          "end": { "line": 1, "column": 544 }
        },
        "loc": {
          "start": { "line": 1, "column": 558 },
          "end": { "line": 1, "column": 579 }
        },
        "line": 1
      },
      "6": {
        "name": "loadDocument",
        "decl": {
          "start": { "line": 3, "column": 51 },
          "end": { "line": 3, "column": 63 }
        },
        "loc": {
          "start": { "line": 3, "column": 69 },
          "end": { "line": 36, "column": 1 }
        },
        "line": 3
      },
      "7": {
        "name": "(anonymous_7)",
        "decl": {
          "start": { "line": 14, "column": 16 },
          "end": { "line": 14, "column": 17 }
        },
        "loc": {
          "start": { "line": 14, "column": 28 },
          "end": { "line": 26, "column": 338 }
        },
        "line": 14
      },
      "8": {
        "name": "_callee",
        "decl": {
          "start": { "line": 14, "column": 105 },
          "end": { "line": 14, "column": 112 }
        },
        "loc": {
          "start": { "line": 14, "column": 116 },
          "end": { "line": 26, "column": 268 }
        },
        "line": 14
      },
      "9": {
        "name": "_callee$",
        "decl": {
          "start": { "line": 14, "column": 180 },
          "end": { "line": 14, "column": 188 }
        },
        "loc": {
          "start": { "line": 14, "column": 199 },
          "end": { "line": 26, "column": 234 }
        },
        "line": 14
      },
      "10": {
        "name": "(anonymous_10)",
        "decl": {
          "start": { "line": 23, "column": 33 },
          "end": { "line": 23, "column": 34 }
        },
        "loc": {
          "start": { "line": 23, "column": 49 },
          "end": { "line": 23, "column": 82 }
        },
        "line": 23
      },
      "11": {
        "name": "getPage",
        "decl": {
          "start": { "line": 26, "column": 287 },
          "end": { "line": 26, "column": 294 }
        },
        "loc": {
          "start": { "line": 26, "column": 299 },
          "end": { "line": 26, "column": 336 }
        },
        "line": 26
      },
      "12": {
        "name": "(anonymous_12)",
        "decl": {
          "start": { "line": 48, "column": 60 },
          "end": { "line": 48, "column": 61 }
        },
        "loc": {
          "start": { "line": 48, "column": 72 },
          "end": { "line": 50, "column": 191 }
        },
        "line": 48
      },
      "13": {
        "name": "_callee2",
        "decl": {
          "start": { "line": 48, "column": 150 },
          "end": { "line": 48, "column": 158 }
        },
        "loc": {
          "start": { "line": 48, "column": 172 },
          "end": { "line": 50, "column": 100 }
        },
        "line": 48
      },
      "14": {
        "name": "_callee2$",
        "decl": {
          "start": { "line": 48, "column": 221 },
          "end": { "line": 48, "column": 230 }
        },
        "loc": {
          "start": { "line": 48, "column": 242 },
          "end": { "line": 50, "column": 76 }
        },
        "line": 48
      },
      "15": {
        "name": "loadDocumentWithPDFJS",
        "decl": {
          "start": { "line": 50, "column": 119 },
          "end": { "line": 50, "column": 140 }
        },
        "loc": {
          "start": { "line": 50, "column": 151 },
          "end": { "line": 50, "column": 189 }
        },
        "line": 50
      }
    },
    "branchMap": {
      "0": {
        "loc": {
          "start": { "line": 1, "column": 428 },
          "end": { "line": 1, "column": 582 }
        },
        "type": "if",
        "locations": [
          {
            "start": { "line": 1, "column": 428 },
            "end": { "line": 1, "column": 582 }
          },
          {
            "start": { "line": 1, "column": 428 },
            "end": { "line": 1, "column": 582 }
          }
        ],
        "line": 1
      },
      "1": {
        "loc": {
          "start": { "line": 14, "column": 211 },
          "end": { "line": 26, "column": 232 }
        },
        "type": "switch",
        "locations": [
          {
            "start": { "line": 14, "column": 251 },
            "end": { "line": 17, "column": 32 }
          },
          {
            "start": { "line": 17, "column": 32 },
            "end": { "line": 18, "column": 39 }
          },
          {
            "start": { "line": 18, "column": 39 },
            "end": { "line": 23, "column": 87 }
          },
          {
            "start": { "line": 23, "column": 87 },
            "end": { "line": 26, "column": 76 }
          },
          {
            "start": { "line": 26, "column": 76 },
            "end": { "line": 26, "column": 109 }
          },
          {
            "start": { "line": 26, "column": 109 },
            "end": { "line": 26, "column": 189 }
          },
          {
            "start": { "line": 26, "column": 189 },
            "end": { "line": 26, "column": 197 }
          },
          {
            "start": { "line": 26, "column": 197 },
            "end": { "line": 26, "column": 231 }
          }
        ],
        "line": 14
      },
      "2": {
        "loc": {
          "start": { "line": 14, "column": 276 },
          "end": { "line": 16, "column": 54 }
        },
        "type": "if",
        "locations": [
          {
            "start": { "line": 14, "column": 276 },
            "end": { "line": 16, "column": 54 }
          },
          {
            "start": { "line": 14, "column": 276 },
            "end": { "line": 16, "column": 54 }
          }
        ],
        "line": 14
      },
      "3": {
        "loc": {
          "start": { "line": 48, "column": 254 },
          "end": { "line": 50, "column": 74 }
        },
        "type": "switch",
        "locations": [
          {
            "start": { "line": 48, "column": 296 },
            "end": { "line": 49, "column": 39 }
          },
          {
            "start": { "line": 49, "column": 39 },
            "end": { "line": 50, "column": 31 }
          },
          {
            "start": { "line": 50, "column": 31 },
            "end": { "line": 50, "column": 38 }
          },
          {
            "start": { "line": 50, "column": 38 },
            "end": { "line": 50, "column": 73 }
          }
        ],
        "line": 48
      }
    },
    "s": {
      "0": 0,
      "1": 0,
      "2": 0,
      "3": 0,
      "4": 0,
      "5": 0,
      "6": 0,
      "7": 0,
      "8": 0,
      "9": 0,
      "10": 0,
      "11": 0,
      "12": 0,
      "13": 0,
      "14": 0,
      "15": 0,
      "16": 0,
      "17": 0,
      "18": 0,
      "19": 0,
      "20": 0,
      "21": 0,
      "22": 0,
      "23": 0,
      "24": 0,
      "25": 0,
      "26": 0,
      "27": 0,
      "28": 0,
      "29": 0,
      "30": 0,
      "31": 0,
      "32": 0,
      "33": 0,
      "34": 0,
      "35": 0,
      "36": 0,
      "37": 0,
      "38": 0,
      "39": 0,
      "40": 0,
      "41": 0,
      "42": 0,
      "43": 0,
      "44": 0,
      "45": 0,
      "46": 0,
      "47": 0,
      "48": 0,
      "49": 0,
      "50": 0,
      "51": 0,
      "52": 0,
      "53": 0,
      "54": 0,
      "55": 0,
      "56": 0,
      "57": 0,
      "58": 0,
      "59": 0
    },
    "f": {
      "0": 0,
      "1": 0,
      "2": 0,
      "3": 0,
      "4": 0,
      "5": 0,
      "6": 0,
      "7": 0,
      "8": 0,
      "9": 0,
      "10": 0,
      "11": 0,
      "12": 0,
      "13": 0,
      "14": 0,
      "15": 0
    },
    "b": {
      "0": [0, 0],
      "1": [0, 0, 0, 0, 0, 0, 0, 0],
      "2": [0, 0],
      "3": [0, 0, 0, 0]
    }
  },
  "/home/jack/Repos/Work/capture-pdf-text/src/main.js": {
    "path": "/home/jack/Repos/Work/capture-pdf-text/src/main.js",
    "statementMap": {
      "0": {
        "start": { "line": 1, "column": 13 },
        "end": { "line": 1, "column": 75 }
      },
      "1": {
        "start": { "line": 1, "column": 75 },
        "end": { "line": 1, "column": 159 }
      },
      "2": {
        "start": { "line": 5, "column": 20 },
        "end": { "line": 5, "column": 46 }
      },
      "3": {
        "start": { "line": 5, "column": 47 },
        "end": { "line": 8, "column": 22 }
      },
      "4": {
        "start": { "line": 5, "column": 135 },
        "end": { "line": 8, "column": 17 }
      },
      "5": {
        "start": { "line": 8, "column": 32 },
        "end": { "line": 8, "column": 52 }
      },
      "6": {
        "start": { "line": 8, "column": 64 },
        "end": { "line": 8, "column": 91 }
      },
      "7": {
        "start": { "line": 8, "column": 105 },
        "end": { "line": 8, "column": 123 }
      },
      "8": {
        "start": { "line": 8, "column": 138 },
        "end": { "line": 8, "column": 168 }
      },
      "9": {
        "start": { "line": 8, "column": 189 },
        "end": { "line": 8, "column": 215 }
      },
      "10": {
        "start": { "line": 8, "column": 237 },
        "end": { "line": 8, "column": 274 }
      },
      "11": {
        "start": { "line": 8, "column": 298 },
        "end": { "line": 8, "column": 328 }
      },
      "12": {
        "start": { "line": 8, "column": 353 },
        "end": { "line": 8, "column": 393 }
      },
      "13": {
        "start": { "line": 8, "column": 432 },
        "end": { "line": 8, "column": 486 }
      },
      "14": {
        "start": { "line": 8, "column": 519 },
        "end": { "line": 8, "column": 919 }
      },
      "15": {
        "start": { "line": 8, "column": 549 },
        "end": { "line": 8, "column": 574 }
      },
      "16": {
        "start": { "line": 8, "column": 575 },
        "end": { "line": 8, "column": 917 }
      },
      "17": {
        "start": { "line": 8, "column": 647 },
        "end": { "line": 8, "column": 739 }
      },
      "18": {
        "start": { "line": 8, "column": 663 },
        "end": { "line": 8, "column": 676 }
      },
      "19": {
        "start": { "line": 8, "column": 689 },
        "end": { "line": 8, "column": 699 }
      },
      "20": {
        "start": { "line": 8, "column": 717 },
        "end": { "line": 8, "column": 731 }
      },
      "21": {
        "start": { "line": 8, "column": 731 },
        "end": { "line": 8, "column": 738 }
      },
      "22": {
        "start": { "line": 8, "column": 739 },
        "end": { "line": 8, "column": 893 }
      },
      "23": {
        "start": { "line": 8, "column": 755 },
        "end": { "line": 8, "column": 770 }
      },
      "24": {
        "start": { "line": 8, "column": 778 },
        "end": { "line": 8, "column": 892 }
      },
      "25": {
        "start": { "line": 8, "column": 831 },
        "end": { "line": 8, "column": 851 }
      },
      "26": {
        "start": { "line": 8, "column": 870 },
        "end": { "line": 8, "column": 889 }
      },
      "27": {
        "start": { "line": 8, "column": 894 },
        "end": { "line": 8, "column": 914 }
      },
      "28": {
        "start": { "line": 19, "column": 22 },
        "end": { "line": 32, "column": 1 }
      },
      "29": {
        "start": { "line": 22, "column": 14 },
        "end": { "line": 22, "column": 57 }
      },
      "30": {
        "start": { "line": 24, "column": 2 },
        "end": { "line": 30, "column": 156 }
      },
      "31": {
        "start": { "line": 24, "column": 33 },
        "end": { "line": 30, "column": 92 }
      },
      "32": {
        "start": { "line": 24, "column": 125 },
        "end": { "line": 30, "column": 89 }
      },
      "33": {
        "start": { "line": 24, "column": 185 },
        "end": { "line": 30, "column": 66 }
      },
      "34": {
        "start": { "line": 24, "column": 196 },
        "end": { "line": 30, "column": 65 }
      },
      "35": {
        "start": { "line": 24, "column": 243 },
        "end": { "line": 24, "column": 261 }
      },
      "36": {
        "start": { "line": 24, "column": 261 },
        "end": { "line": 27, "column": 71 }
      },
      "37": {
        "start": { "line": 27, "column": 78 },
        "end": { "line": 27, "column": 102 }
      },
      "38": {
        "start": { "line": 27, "column": 102 },
        "end": { "line": 30, "column": 23 }
      },
      "39": {
        "start": { "line": 30, "column": 41 },
        "end": { "line": 30, "column": 64 }
      },
      "40": {
        "start": { "line": 30, "column": 93 },
        "end": { "line": 30, "column": 152 }
      },
      "41": {
        "start": { "line": 30, "column": 115 },
        "end": { "line": 30, "column": 150 }
      },
      "42": {
        "start": { "line": 42, "column": 21 },
        "end": { "line": 52, "column": 1 }
      },
      "43": {
        "start": { "line": 42, "column": 93 },
        "end": { "line": 42, "column": 163 }
      },
      "44": {
        "start": { "line": 42, "column": 176 },
        "end": { "line": 42, "column": 191 }
      },
      "45": {
        "start": { "line": 43, "column": 2 },
        "end": { "line": 49, "column": 3 }
      },
      "46": {
        "start": { "line": 44, "column": 4 },
        "end": { "line": 44, "column": 34 }
      },
      "47": {
        "start": { "line": 44, "column": 49 },
        "end": { "line": 44, "column": 72 }
      },
      "48": {
        "start": { "line": 45, "column": 20 },
        "end": { "line": 45, "column": 69 }
      },
      "49": {
        "start": { "line": 46, "column": 17 },
        "end": { "line": 46, "column": 58 }
      },
      "50": {
        "start": { "line": 48, "column": 4 },
        "end": { "line": 48, "column": 18 }
      },
      "51": {
        "start": { "line": 51, "column": 2 },
        "end": { "line": 51, "column": 50 }
      }
    },
    "fnMap": {
      "0": {
        "name": "get",
        "decl": {
          "start": { "line": 5, "column": 128 },
          "end": { "line": 5, "column": 131 }
        },
        "loc": {
          "start": { "line": 5, "column": 134 },
          "end": { "line": 8, "column": 18 }
        },
        "line": 5
      },
      "1": {
        "name": "_interopRequireDefault",
        "decl": {
          "start": { "line": 8, "column": 403 },
          "end": { "line": 8, "column": 425 }
        },
        "loc": {
          "start": { "line": 8, "column": 431 },
          "end": { "line": 8, "column": 487 }
        },
        "line": 8
      },
      "2": {
        "name": "_asyncToGenerator",
        "decl": {
          "start": { "line": 8, "column": 496 },
          "end": { "line": 8, "column": 513 }
        },
        "loc": {
          "start": { "line": 8, "column": 518 },
          "end": { "line": 8, "column": 920 }
        },
        "line": 8
      },
      "3": {
        "name": "(anonymous_3)",
        "decl": {
          "start": { "line": 8, "column": 526 },
          "end": { "line": 8, "column": 527 }
        },
        "loc": {
          "start": { "line": 8, "column": 538 },
          "end": { "line": 8, "column": 918 }
        },
        "line": 8
      },
      "4": {
        "name": "(anonymous_4)",
        "decl": {
          "start": { "line": 8, "column": 594 },
          "end": { "line": 8, "column": 595 }
        },
        "loc": {
          "start": { "line": 8, "column": 621 },
          "end": { "line": 8, "column": 915 }
        },
        "line": 8
      },
      "5": {
        "name": "step",
        "decl": {
          "start": { "line": 8, "column": 631 },
          "end": { "line": 8, "column": 635 }
        },
        "loc": {
          "start": { "line": 8, "column": 646 },
          "end": { "line": 8, "column": 894 }
        },
        "line": 8
      },
      "6": {
        "name": "(anonymous_6)",
        "decl": {
          "start": { "line": 8, "column": 813 },
          "end": { "line": 8, "column": 814 }
        },
        "loc": {
          "start": { "line": 8, "column": 830 },
          "end": { "line": 8, "column": 852 }
        },
        "line": 8
      },
      "7": {
        "name": "(anonymous_7)",
        "decl": {
          "start": { "line": 8, "column": 854 },
          "end": { "line": 8, "column": 855 }
        },
        "loc": {
          "start": { "line": 8, "column": 869 },
          "end": { "line": 8, "column": 890 }
        },
        "line": 8
      },
      "8": {
        "name": "configureLoader",
        "decl": {
          "start": { "line": 19, "column": 57 },
          "end": { "line": 19, "column": 72 }
        },
        "loc": {
          "start": { "line": 19, "column": 89 },
          "end": { "line": 32, "column": 1 }
        },
        "line": 19
      },
      "9": {
        "name": "(anonymous_9)",
        "decl": {
          "start": { "line": 24, "column": 9 },
          "end": { "line": 24, "column": 10 }
        },
        "loc": {
          "start": { "line": 24, "column": 21 },
          "end": { "line": 30, "column": 153 }
        },
        "line": 24
      },
      "10": {
        "name": "_callee",
        "decl": {
          "start": { "line": 24, "column": 98 },
          "end": { "line": 24, "column": 105 }
        },
        "loc": {
          "start": { "line": 24, "column": 112 },
          "end": { "line": 30, "column": 90 }
        },
        "line": 24
      },
      "11": {
        "name": "_callee$",
        "decl": {
          "start": { "line": 24, "column": 165 },
          "end": { "line": 24, "column": 173 }
        },
        "loc": {
          "start": { "line": 24, "column": 184 },
          "end": { "line": 30, "column": 67 }
        },
        "line": 24
      },
      "12": {
        "name": "(anonymous_12)",
        "decl": {
          "start": { "line": 30, "column": 100 },
          "end": { "line": 30, "column": 101 }
        },
        "loc": {
          "start": { "line": 30, "column": 114 },
          "end": { "line": 30, "column": 151 }
        },
        "line": 30
      },
      "13": {
        "name": "groupTextItems",
        "decl": {
          "start": { "line": 42, "column": 55 },
          "end": { "line": 42, "column": 69 }
        },
        "loc": {
          "start": { "line": 42, "column": 80 },
          "end": { "line": 52, "column": 1 }
        },
        "line": 42
      }
    },
    "branchMap": {
      "0": {
        "loc": {
          "start": { "line": 8, "column": 439 },
          "end": { "line": 8, "column": 485 }
        },
        "type": "cond-expr",
        "locations": [
          {
            "start": { "line": 8, "column": 463 },
            "end": { "line": 8, "column": 466 }
          },
          {
            "start": { "line": 8, "column": 469 },
            "end": { "line": 8, "column": 485 }
          }
        ],
        "line": 8
      },
      "1": {
        "loc": {
          "start": { "line": 8, "column": 439 },
          "end": { "line": 8, "column": 460 }
        },
        "type": "binary-expr",
        "locations": [
          {
            "start": { "line": 8, "column": 439 },
            "end": { "line": 8, "column": 442 }
          },
          {
            "start": { "line": 8, "column": 446 },
            "end": { "line": 8, "column": 460 }
          }
        ],
        "line": 8
      },
      "2": {
        "loc": {
          "start": { "line": 8, "column": 739 },
          "end": { "line": 8, "column": 893 }
        },
        "type": "if",
        "locations": [
          {
            "start": { "line": 8, "column": 739 },
            "end": { "line": 8, "column": 893 }
          },
          {
            "start": { "line": 8, "column": 739 },
            "end": { "line": 8, "column": 893 }
          }
        ],
        "line": 8
      },
      "3": {
        "loc": {
          "start": { "line": 24, "column": 196 },
          "end": { "line": 30, "column": 65 }
        },
        "type": "switch",
        "locations": [
          {
            "start": { "line": 24, "column": 236 },
            "end": { "line": 27, "column": 71 }
          },
          {
            "start": { "line": 27, "column": 71 },
            "end": { "line": 30, "column": 23 }
          },
          {
            "start": { "line": 30, "column": 23 },
            "end": { "line": 30, "column": 30 }
          },
          {
            "start": { "line": 30, "column": 30 },
            "end": { "line": 30, "column": 64 }
          }
        ],
        "line": 24
      },
      "4": {
        "loc": {
          "start": { "line": 42, "column": 93 },
          "end": { "line": 42, "column": 163 }
        },
        "type": "cond-expr",
        "locations": [
          {
            "start": { "line": 42, "column": 146 },
            "end": { "line": 42, "column": 158 }
          },
          {
            "start": { "line": 42, "column": 161 },
            "end": { "line": 42, "column": 163 }
          }
        ],
        "line": 42
      },
      "5": {
        "loc": {
          "start": { "line": 42, "column": 93 },
          "end": { "line": 42, "column": 143 }
        },
        "type": "binary-expr",
        "locations": [
          {
            "start": { "line": 42, "column": 93 },
            "end": { "line": 42, "column": 113 }
          },
          {
            "start": { "line": 42, "column": 117 },
            "end": { "line": 42, "column": 143 }
          }
        ],
        "line": 42
      },
      "6": {
        "loc": {
          "start": { "line": 43, "column": 2 },
          "end": { "line": 49, "column": 3 }
        },
        "type": "if",
        "locations": [
          {
            "start": { "line": 43, "column": 2 },
            "end": { "line": 49, "column": 3 }
          },
          {
            "start": { "line": 43, "column": 2 },
            "end": { "line": 49, "column": 3 }
          }
        ],
        "line": 43
      }
    },
    "s": {
      "0": 0,
      "1": 0,
      "2": 0,
      "3": 0,
      "4": 0,
      "5": 0,
      "6": 0,
      "7": 0,
      "8": 0,
      "9": 0,
      "10": 0,
      "11": 0,
      "12": 0,
      "13": 0,
      "14": 0,
      "15": 0,
      "16": 0,
      "17": 0,
      "18": 0,
      "19": 0,
      "20": 0,
      "21": 0,
      "22": 0,
      "23": 0,
      "24": 0,
      "25": 0,
      "26": 0,
      "27": 0,
      "28": 0,
      "29": 0,
      "30": 0,
      "31": 0,
      "32": 0,
      "33": 0,
      "34": 0,
      "35": 0,
      "36": 0,
      "37": 0,
      "38": 0,
      "39": 0,
      "40": 0,
      "41": 0,
      "42": 0,
      "43": 0,
      "44": 0,
      "45": 0,
      "46": 0,
      "47": 0,
      "48": 0,
      "49": 0,
      "50": 0,
      "51": 0
    },
    "f": {
      "0": 0,
      "1": 0,
      "2": 0,
      "3": 0,
      "4": 0,
      "5": 0,
      "6": 0,
      "7": 0,
      "8": 0,
      "9": 0,
      "10": 0,
      "11": 0,
      "12": 0,
      "13": 0
    },
    "b": {
      "0": [0, 0],
      "1": [0, 0],
      "2": [0, 0],
      "3": [0, 0, 0, 0],
      "4": [0, 0],
      "5": [0, 0],
      "6": [0, 0]
    }
  },
  "/home/jack/Repos/Work/capture-pdf-text/src/order-items.js": {
    "path":
      "/home/jack/Repos/Work/capture-pdf-text/src/order-items.js",
    "statementMap": {
      "0": {
        "start": { "line": 14, "column": 31 },
        "end": { "line": 20, "column": 1 }
      },
      "1": {
        "start": { "line": 15, "column": 20 },
        "end": { "line": 15, "column": 39 }
      },
      "2": {
        "start": { "line": 16, "column": 17 },
        "end": { "line": 16, "column": 32 }
      },
      "3": {
        "start": { "line": 17, "column": 18 },
        "end": { "line": 17, "column": 51 }
      },
      "4": {
        "start": { "line": 19, "column": 2 },
        "end": { "line": 19, "column": 16 }
      },
      "5": {
        "start": { "line": 22, "column": 24 },
        "end": { "line": 28, "column": 1 }
      },
      "6": {
        "start": { "line": 23, "column": 19 },
        "end": { "line": 23, "column": 25 }
      },
      "7": {
        "start": { "line": 24, "column": 16 },
        "end": { "line": 24, "column": 21 }
      },
      "8": {
        "start": { "line": 25, "column": 18 },
        "end": { "line": 25, "column": 49 }
      },
      "9": {
        "start": { "line": 27, "column": 2 },
        "end": { "line": 27, "column": 16 }
      },
      "10": {
        "start": { "line": 30, "column": 24 },
        "end": { "line": 36, "column": 1 }
      },
      "11": {
        "start": { "line": 31, "column": 19 },
        "end": { "line": 31, "column": 24 }
      },
      "12": {
        "start": { "line": 32, "column": 16 },
        "end": { "line": 32, "column": 22 }
      },
      "13": {
        "start": { "line": 33, "column": 18 },
        "end": { "line": 33, "column": 49 }
      },
      "14": {
        "start": { "line": 35, "column": 2 },
        "end": { "line": 35, "column": 16 }
      }
    },
    "fnMap": {
      "0": {
        "name": "(anonymous_0)",
        "decl": {
          "start": { "line": 14, "column": 31 },
          "end": { "line": 14, "column": 32 }
        },
        "loc": {
          "start": { "line": 14, "column": 40 },
          "end": { "line": 20, "column": 1 }
        },
        "line": 14
      },
      "1": {
        "name": "(anonymous_1)",
        "decl": {
          "start": { "line": 22, "column": 24 },
          "end": { "line": 22, "column": 25 }
        },
        "loc": {
          "start": { "line": 22, "column": 33 },
          "end": { "line": 28, "column": 1 }
        },
        "line": 22
      },
      "2": {
        "name": "(anonymous_2)",
        "decl": {
          "start": { "line": 30, "column": 24 },
          "end": { "line": 30, "column": 25 }
        },
        "loc": {
          "start": { "line": 30, "column": 33 },
          "end": { "line": 36, "column": 1 }
        },
        "line": 30
      }
    },
    "branchMap": {},
    "s": {
      "0": 3,
      "1": 27,
      "2": 27,
      "3": 27,
      "4": 27,
      "5": 3,
      "6": 1,
      "7": 1,
      "8": 1,
      "9": 1,
      "10": 3,
      "11": 1,
      "12": 1,
      "13": 1,
      "14": 1
    },
    "f": { "0": 27, "1": 1, "2": 1 },
    "b": {},
    "_coverageSchema":
      "332fd63041d2c1bcb487cc26dd0d5f7d97098a6c",
    "hash": "369d475060725c7c0eb4280fbbe4d18e68f5d7d8"
  },
  "/home/jack/Repos/Work/capture-pdf-text/src/styles.js": {
    "path":
      "/home/jack/Repos/Work/capture-pdf-text/src/styles.js",
    "statementMap": {
      "0": {
        "start": { "line": 12, "column": 29 },
        "end": { "line": 16, "column": 1 }
      },
      "1": {
        "start": { "line": 14, "column": 4 },
        "end": { "line": 15, "column": 33 }
      },
      "2": {
        "start": { "line": 21, "column": 27 },
        "end": { "line": 28, "column": 2 }
      },
      "3": {
        "start": { "line": 22, "column": 16 },
        "end": { "line": 22, "column": 60 }
      },
      "4": {
        "start": { "line": 25, "column": 2 },
        "end": { "line": 25, "column": 34 }
      },
      "5": {
        "start": { "line": 27, "column": 2 },
        "end": { "line": 27, "column": 33 }
      },
      "6": {
        "start": { "line": 40, "column": 25 },
        "end": { "line": 44, "column": 1 }
      }
    },
    "fnMap": {
      "0": {
        "name": "(anonymous_0)",
        "decl": {
          "start": { "line": 13, "column": 2 },
          "end": { "line": 13, "column": 3 }
        },
        "loc": {
          "start": { "line": 14, "column": 4 },
          "end": { "line": 15, "column": 33 }
        },
        "line": 14
      },
      "1": {
        "name": "(anonymous_1)",
        "decl": {
          "start": { "line": 21, "column": 33 },
          "end": { "line": 21, "column": 34 }
        },
        "loc": {
          "start": { "line": 21, "column": 59 },
          "end": { "line": 28, "column": 1 }
        },
        "line": 21
      }
    },
    "branchMap": {
      "0": {
        "loc": {
          "start": { "line": 14, "column": 4 },
          "end": { "line": 15, "column": 33 }
        },
        "type": "binary-expr",
        "locations": [
          {
            "start": { "line": 14, "column": 4 },
            "end": { "line": 14, "column": 37 }
          },
          {
            "start": { "line": 15, "column": 4 },
            "end": { "line": 15, "column": 33 }
          }
        ],
        "line": 14
      },
      "1": {
        "loc": {
          "start": { "line": 22, "column": 16 },
          "end": { "line": 22, "column": 60 }
        },
        "type": "binary-expr",
        "locations": [
          {
            "start": { "line": 22, "column": 16 },
            "end": { "line": 22, "column": 41 }
          },
          {
            "start": { "line": 22, "column": 45 },
            "end": { "line": 22, "column": 60 }
          }
        ],
        "line": 22
      }
    },
    "s": {
      "0": 1,
      "1": 7,
      "2": 1,
      "3": 4,
      "4": 4,
      "5": 4,
      "6": 1
    },
    "f": { "0": 7, "1": 4 },
    "b": { "0": [7, 7], "1": [4, 3] },
    "_coverageSchema":
      "332fd63041d2c1bcb487cc26dd0d5f7d97098a6c",
    "hash": "5034f4931001cb58ff66939aaf29c5d2046956d7"
  },
  "/home/jack/Repos/Work/capture-pdf-text/src/trees.js": {
    "path":
      "/home/jack/Repos/Work/capture-pdf-text/src/trees.js",
    "statementMap": {
      "0": {
        "start": { "line": 1, "column": 13 },
        "end": { "line": 1, "column": 75 }
      },
      "1": {
        "start": { "line": 1, "column": 75 },
        "end": { "line": 1, "column": 107 }
      },
      "2": {
        "start": { "line": 1, "column": 129 },
        "end": { "line": 1, "column": 156 }
      },
      "3": {
        "start": { "line": 1, "column": 180 },
        "end": { "line": 1, "column": 219 }
      },
      "4": {
        "start": { "line": 1, "column": 258 },
        "end": { "line": 1, "column": 312 }
      },
      "5": {
        "start": { "line": 3, "column": 18 },
        "end": { "line": 7, "column": 7 }
      }
    },
    "fnMap": {
      "0": {
        "name": "_interopRequireDefault",
        "decl": {
          "start": { "line": 1, "column": 229 },
          "end": { "line": 1, "column": 251 }
        },
        "loc": {
          "start": { "line": 1, "column": 257 },
          "end": { "line": 1, "column": 313 }
        },
        "line": 1
      }
    },
    "branchMap": {
      "0": {
        "loc": {
          "start": { "line": 1, "column": 265 },
          "end": { "line": 1, "column": 311 }
        },
        "type": "cond-expr",
        "locations": [
          {
            "start": { "line": 1, "column": 289 },
            "end": { "line": 1, "column": 292 }
          },
          {
            "start": { "line": 1, "column": 295 },
            "end": { "line": 1, "column": 311 }
          }
        ],
        "line": 1
      },
      "1": {
        "loc": {
          "start": { "line": 1, "column": 265 },
          "end": { "line": 1, "column": 286 }
        },
        "type": "binary-expr",
        "locations": [
          {
            "start": { "line": 1, "column": 265 },
            "end": { "line": 1, "column": 268 }
          },
          {
            "start": { "line": 1, "column": 272 },
            "end": { "line": 1, "column": 286 }
          }
        ],
        "line": 1
      }
    },
    "s": { "0": 0, "1": 0, "2": 0, "3": 0, "4": 0, "5": 0 },
    "f": { "0": 0 },
    "b": { "0": [0, 0], "1": [0, 0] }
  }
}
