TN:
SF:/home/jack/Repos/Work/capture-pdf-text/src/apply-options.js
FN:12,applyOptions
FNF:1
FNH:0
FNDA:0,applyOptions
DA:1,0
DA:12,0
DA:13,0
DA:15,0
DA:16,0
DA:17,0
DA:23,0
DA:26,0
DA:27,0
LF:9
LH:0
BRDA:12,0,0,0
BRDA:12,0,1,0
BRDA:12,1,0,0
BRDA:12,1,1,0
BRDA:13,2,0,0
BRDA:13,2,1,0
BRDA:17,3,0,0
BRDA:17,3,1,0
BRDA:23,4,0,0
BRDA:23,4,1,0
BRF:10
BRH:0
end_of_record
TN:
SF:/home/jack/Repos/Work/capture-pdf-text/src/blocks.js
FN:17,(anonymous_0)
FN:18,(anonymous_1)
FN:24,(anonymous_2)
FN:33,(anonymous_3)
FN:44,(anonymous_4)
FN:65,(anonymous_5)
FN:66,(anonymous_6)
FN:68,(anonymous_7)
FNF:8
FNH:8
FNDA:1,(anonymous_0)
FNDA:2,(anonymous_1)
FNDA:6,(anonymous_2)
FNDA:4,(anonymous_3)
FNDA:3,(anonymous_4)
FNDA:2,(anonymous_5)
FNDA:6,(anonymous_6)
FNDA:16,(anonymous_7)
DA:17,1
DA:18,2
DA:24,1
DA:25,6
DA:26,6
DA:27,6
DA:33,1
DA:34,4
DA:44,1
DA:45,3
DA:46,3
DA:54,1
DA:65,1
DA:66,2
DA:67,6
DA:68,16
LF:16
LH:16
BRDA:27,0,0,6
BRDA:27,0,1,3
BRDA:66,1,0,1
BRDA:66,1,1,1
BRF:4
BRH:4
end_of_record
TN:
SF:/home/jack/Repos/Work/capture-pdf-text/src/classes.js
FN:11,(anonymous_0)
FN:34,(anonymous_1)
FN:40,(anonymous_2)
FN:42,(anonymous_3)
FN:45,(anonymous_4)
FN:50,(anonymous_5)
FN:51,(anonymous_6)
FN:53,(anonymous_7)
FN:58,(anonymous_8)
FN:60,(anonymous_9)
FN:64,(anonymous_10)
FN:69,(anonymous_11)
FN:71,(anonymous_12)
FN:75,(anonymous_13)
FN:80,(anonymous_14)
FN:82,(anonymous_15)
FN:86,(anonymous_16)
FN:91,(anonymous_17)
FN:94,(anonymous_18)
FN:99,(anonymous_19)
FN:101,(anonymous_20)
FN:105,(anonymous_21)
FN:115,(anonymous_22)
FN:120,(anonymous_23)
FN:123,(anonymous_24)
FN:127,(anonymous_25)
FN:131,(anonymous_26)
FNF:27
FNH:2
FNDA:3,(anonymous_0)
FNDA:2,(anonymous_1)
FNDA:0,(anonymous_2)
FNDA:0,(anonymous_3)
FNDA:0,(anonymous_4)
FNDA:0,(anonymous_5)
FNDA:0,(anonymous_6)
FNDA:0,(anonymous_7)
FNDA:0,(anonymous_8)
FNDA:0,(anonymous_9)
FNDA:0,(anonymous_10)
FNDA:0,(anonymous_11)
FNDA:0,(anonymous_12)
FNDA:0,(anonymous_13)
FNDA:0,(anonymous_14)
FNDA:0,(anonymous_15)
FNDA:0,(anonymous_16)
FNDA:0,(anonymous_17)
FNDA:0,(anonymous_18)
FNDA:0,(anonymous_19)
FNDA:0,(anonymous_20)
FNDA:0,(anonymous_21)
FNDA:0,(anonymous_22)
FNDA:0,(anonymous_23)
FNDA:0,(anonymous_24)
FNDA:0,(anonymous_25)
FNDA:0,(anonymous_26)
DA:12,3
DA:13,3
DA:15,3
DA:16,3
DA:18,3
DA:19,3
DA:21,3
DA:22,3
DA:23,3
DA:24,3
DA:37,2
DA:41,0
DA:42,0
DA:46,0
DA:51,0
DA:54,0
DA:59,0
DA:60,0
DA:65,0
DA:70,0
DA:71,0
DA:76,0
DA:81,0
DA:82,0
DA:87,0
DA:92,0
DA:95,0
DA:100,0
DA:102,0
DA:103,0
DA:105,0
DA:107,0
DA:113,0
DA:116,0
DA:121,0
DA:124,0
DA:128,0
DA:129,0
DA:132,0
LF:39
LH:11
BRDA:102,0,0,0
BRDA:102,0,1,0
BRF:2
BRH:0
end_of_record
TN:
SF:/home/jack/Repos/Work/capture-pdf-text/src/load-document.js
FN:1,_asyncToGenerator
FN:1,(anonymous_1)
FN:1,(anonymous_2)
FN:1,step
FN:1,(anonymous_4)
FN:1,(anonymous_5)
FN:3,loadDocument
FN:14,(anonymous_7)
FN:14,_callee
FN:14,_callee$
FN:23,(anonymous_10)
FN:26,getPage
FN:48,(anonymous_12)
FN:48,_callee2
FN:48,_callee2$
FN:50,loadDocumentWithPDFJS
FNF:16
FNH:0
FNDA:0,_asyncToGenerator
FNDA:0,(anonymous_1)
FNDA:0,(anonymous_2)
FNDA:0,step
FNDA:0,(anonymous_4)
FNDA:0,(anonymous_5)
FNDA:0,loadDocument
FNDA:0,(anonymous_7)
FNDA:0,_callee
FNDA:0,_callee$
FNDA:0,(anonymous_10)
FNDA:0,getPage
FNDA:0,(anonymous_12)
FNDA:0,_callee2
FNDA:0,_callee2$
FNDA:0,loadDocumentWithPDFJS
DA:1,0
DA:3,0
DA:4,0
DA:14,0
DA:16,0
DA:17,0
DA:18,0
DA:23,0
DA:26,0
DA:33,0
DA:35,0
DA:48,0
DA:49,0
DA:50,0
LF:14
LH:0
BRDA:1,0,0,0
BRDA:1,0,1,0
BRDA:14,1,0,0
BRDA:14,1,1,0
BRDA:14,1,2,0
BRDA:14,1,3,0
BRDA:14,1,4,0
BRDA:14,1,5,0
BRDA:14,1,6,0
BRDA:14,1,7,0
BRDA:14,2,0,0
BRDA:14,2,1,0
BRDA:48,3,0,0
BRDA:48,3,1,0
BRDA:48,3,2,0
BRDA:48,3,3,0
BRF:16
BRH:0
end_of_record
TN:
SF:/home/jack/Repos/Work/capture-pdf-text/src/main.js
FN:5,get
FN:8,_interopRequireDefault
FN:8,_asyncToGenerator
FN:8,(anonymous_3)
FN:8,(anonymous_4)
FN:8,step
FN:8,(anonymous_6)
FN:8,(anonymous_7)
FN:19,configureLoader
FN:24,(anonymous_9)
FN:24,_callee
FN:24,_callee$
FN:30,(anonymous_12)
FN:42,groupTextItems
FNF:14
FNH:0
FNDA:0,get
FNDA:0,_interopRequireDefault
FNDA:0,_asyncToGenerator
FNDA:0,(anonymous_3)
FNDA:0,(anonymous_4)
FNDA:0,step
FNDA:0,(anonymous_6)
FNDA:0,(anonymous_7)
FNDA:0,configureLoader
FNDA:0,(anonymous_9)
FNDA:0,_callee
FNDA:0,_callee$
FNDA:0,(anonymous_12)
FNDA:0,groupTextItems
DA:1,0
DA:5,0
DA:8,0
DA:19,0
DA:22,0
DA:24,0
DA:27,0
DA:30,0
DA:42,0
DA:43,0
DA:44,0
DA:45,0
DA:47,0
DA:50,0
LF:14
LH:0
BRDA:8,0,0,0
BRDA:8,0,1,0
BRDA:8,1,0,0
BRDA:8,1,1,0
BRDA:8,2,0,0
BRDA:8,2,1,0
BRDA:24,3,0,0
BRDA:24,3,1,0
BRDA:24,3,2,0
BRDA:24,3,3,0
BRDA:42,4,0,0
BRDA:42,4,1,0
BRDA:42,5,0,0
BRDA:42,5,1,0
BRDA:43,6,0,0
BRDA:43,6,1,0
BRF:16
BRH:0
end_of_record
TN:
SF:/home/jack/Repos/Work/capture-pdf-text/src/order-items.js
FN:14,(anonymous_0)
FN:22,(anonymous_1)
FN:30,(anonymous_2)
FNF:3
FNH:1
FNDA:0,(anonymous_0)
FNDA:0,(anonymous_1)
FNDA:6,(anonymous_2)
DA:14,1
DA:15,0
DA:16,0
DA:17,0
DA:19,0
DA:22,1
DA:23,0
DA:24,0
DA:25,0
DA:27,0
DA:30,1
DA:31,6
DA:32,6
DA:33,6
DA:35,6
LF:15
LH:7
BRF:0
BRH:0
end_of_record
TN:
SF:/home/jack/Repos/Work/capture-pdf-text/src/styles.js
FN:7,(anonymous_0)
FN:13,(anonymous_1)
FN:20,(anonymous_2)
FN:24,(anonymous_3)
FN:26,(anonymous_4)
FN:31,(anonymous_5)
FN:38,(anonymous_6)
FN:46,(anonymous_7)
FN:46,(anonymous_8)
FN:55,(anonymous_9)
FN:76,(anonymous_10)
FNF:11
FNH:0
FNDA:0,(anonymous_0)
FNDA:0,(anonymous_1)
FNDA:0,(anonymous_2)
FNDA:0,(anonymous_3)
FNDA:0,(anonymous_4)
FNDA:0,(anonymous_5)
FNDA:0,(anonymous_6)
FNDA:0,(anonymous_7)
FNDA:0,(anonymous_8)
FNDA:0,(anonymous_9)
FNDA:0,(anonymous_10)
DA:8,0
DA:9,0
DA:10,0
DA:14,0
DA:15,0
DA:17,0
DA:21,0
DA:25,0
DA:26,0
DA:37,1
DA:39,0
DA:46,1
DA:48,0
DA:54,1
DA:56,0
DA:57,0
DA:59,0
DA:67,1
DA:75,1
DA:76,0
LF:20
LH:5
BRDA:14,0,0,0
BRDA:14,0,1,0
BRDA:39,1,0,0
BRDA:39,1,1,0
BRDA:47,2,0,0
BRF:5
BRH:0
end_of_record
TN:
SF:/home/jack/Repos/Work/capture-pdf-text/src/trees.js
FNF:0
FNH:0
DA:6,1
LF:1
LH:1
BRF:0
BRH:0
end_of_record
