TN:
SF:/home/jack/Repos/Work/capture-pdf-text/src/apply-options.js
FN:12,applyOptions
FNF:1
FNH:0
FNDA:0,applyOptions
DA:1,0
DA:12,0
DA:13,0
DA:15,0
DA:16,0
DA:17,0
DA:23,0
DA:26,0
DA:27,0
LF:9
LH:0
BRDA:12,0,0,0
BRDA:12,0,1,0
BRDA:12,1,0,0
BRDA:12,1,1,0
BRDA:13,2,0,0
BRDA:13,2,1,0
BRDA:17,3,0,0
BRDA:17,3,1,0
BRDA:23,4,0,0
BRDA:23,4,1,0
BRF:10
BRH:0
end_of_record
TN:
SF:/home/jack/Repos/Work/capture-pdf-text/src/classes.js
FN:11,(anonymous_0)
FN:34,(anonymous_1)
FN:38,(anonymous_2)
FN:39,(anonymous_3)
FN:57,(anonymous_4)
FN:59,(anonymous_5)
FN:62,(anonymous_6)
FN:67,(anonymous_7)
FN:68,(anonymous_8)
FN:70,(anonymous_9)
FN:75,(anonymous_10)
FN:77,(anonymous_11)
FN:81,(anonymous_12)
FN:86,(anonymous_13)
FN:88,(anonymous_14)
FN:92,(anonymous_15)
FN:97,(anonymous_16)
FN:99,(anonymous_17)
FN:103,(anonymous_18)
FN:108,(anonymous_19)
FN:111,(anonymous_20)
FN:116,(anonymous_21)
FN:118,(anonymous_22)
FN:122,(anonymous_23)
FN:132,(anonymous_24)
FN:137,(anonymous_25)
FN:139,(anonymous_26)
FN:143,(anonymous_27)
FN:153,(anonymous_28)
FN:158,(anonymous_29)
FN:161,(anonymous_30)
FN:165,(anonymous_31)
FN:169,(anonymous_32)
FNF:33
FNH:32
FNDA:205,(anonymous_0)
FNDA:44,(anonymous_1)
FNDA:40,(anonymous_2)
FNDA:149,(anonymous_3)
FNDA:3,(anonymous_4)
FNDA:9,(anonymous_5)
FNDA:1,(anonymous_6)
FNDA:1477,(anonymous_7)
FNDA:18987,(anonymous_8)
FNDA:1,(anonymous_9)
FNDA:1477,(anonymous_10)
FNDA:18987,(anonymous_11)
FNDA:1,(anonymous_12)
FNDA:1477,(anonymous_13)
FNDA:18987,(anonymous_14)
FNDA:1,(anonymous_15)
FNDA:1477,(anonymous_16)
FNDA:18987,(anonymous_17)
FNDA:1,(anonymous_18)
FNDA:2,(anonymous_19)
FNDA:1,(anonymous_20)
FNDA:2211,(anonymous_21)
FNDA:28467,(anonymous_22)
FNDA:2211,(anonymous_23)
FNDA:1,(anonymous_24)
FNDA:736,(anonymous_25)
FNDA:9486,(anonymous_26)
FNDA:736,(anonymous_27)
FNDA:0,(anonymous_28)
FNDA:2,(anonymous_29)
FNDA:1,(anonymous_30)
FNDA:8896,(anonymous_31)
FNDA:1,(anonymous_32)
DA:12,205
DA:13,205
DA:15,205
DA:16,205
DA:18,205
DA:19,205
DA:20,205
DA:21,205
DA:23,205
DA:24,205
DA:35,44
DA:39,40
DA:40,149
DA:42,24
DA:44,125
DA:46,0
DA:53,40
DA:54,40
DA:58,3
DA:59,9
DA:63,1
DA:68,18987
DA:71,1
DA:76,1477
DA:77,18987
DA:82,1
DA:87,1477
DA:88,18987
DA:93,1
DA:98,1477
DA:99,18987
DA:104,1
DA:109,2
DA:112,1
DA:117,2211
DA:119,28467
DA:120,28467
DA:122,2211
DA:124,2211
DA:130,2211
DA:133,1
DA:138,736
DA:140,9486
DA:141,9486
DA:143,736
DA:145,736
DA:151,736
DA:154,0
DA:159,2
DA:162,1
DA:166,8896
DA:167,8896
DA:170,1
LF:53
LH:51
BRDA:40,0,0,24
BRDA:40,0,1,125
BRDA:40,0,2,0
BRDA:119,1,0,28467
BRDA:119,1,1,2211
BRDA:140,2,0,9486
BRDA:140,2,1,736
BRF:7
BRH:6
end_of_record
TN:
SF:/home/jack/Repos/Work/capture-pdf-text/src/load-document.js
FN:1,_asyncToGenerator
FN:1,(anonymous_1)
FN:1,(anonymous_2)
FN:1,step
FN:1,(anonymous_4)
FN:1,(anonymous_5)
FN:3,loadDocument
FN:14,(anonymous_7)
FN:14,_callee
FN:14,_callee$
FN:23,(anonymous_10)
FN:26,getPage
FN:48,(anonymous_12)
FN:48,_callee2
FN:48,_callee2$
FN:50,loadDocumentWithPDFJS
FNF:16
FNH:0
FNDA:0,_asyncToGenerator
FNDA:0,(anonymous_1)
FNDA:0,(anonymous_2)
FNDA:0,step
FNDA:0,(anonymous_4)
FNDA:0,(anonymous_5)
FNDA:0,loadDocument
FNDA:0,(anonymous_7)
FNDA:0,_callee
FNDA:0,_callee$
FNDA:0,(anonymous_10)
FNDA:0,getPage
FNDA:0,(anonymous_12)
FNDA:0,_callee2
FNDA:0,_callee2$
FNDA:0,loadDocumentWithPDFJS
DA:1,0
DA:3,0
DA:4,0
DA:14,0
DA:16,0
DA:17,0
DA:18,0
DA:23,0
DA:26,0
DA:33,0
DA:35,0
DA:48,0
DA:49,0
DA:50,0
LF:14
LH:0
BRDA:1,0,0,0
BRDA:1,0,1,0
BRDA:14,1,0,0
BRDA:14,1,1,0
BRDA:14,1,2,0
BRDA:14,1,3,0
BRDA:14,1,4,0
BRDA:14,1,5,0
BRDA:14,1,6,0
BRDA:14,1,7,0
BRDA:14,2,0,0
BRDA:14,2,1,0
BRDA:48,3,0,0
BRDA:48,3,1,0
BRDA:48,3,2,0
BRDA:48,3,3,0
BRF:16
BRH:0
end_of_record
TN:
SF:/home/jack/Repos/Work/capture-pdf-text/src/main.js
FN:5,get
FN:7,_interopRequireDefault
FN:7,_asyncToGenerator
FN:7,(anonymous_3)
FN:7,(anonymous_4)
FN:7,step
FN:7,(anonymous_6)
FN:7,(anonymous_7)
FN:18,configureLoader
FN:23,(anonymous_9)
FN:23,_callee
FN:23,_callee$
FN:29,(anonymous_12)
FN:41,groupTextItems
FNF:14
FNH:0
FNDA:0,get
FNDA:0,_interopRequireDefault
FNDA:0,_asyncToGenerator
FNDA:0,(anonymous_3)
FNDA:0,(anonymous_4)
FNDA:0,step
FNDA:0,(anonymous_6)
FNDA:0,(anonymous_7)
FNDA:0,configureLoader
FNDA:0,(anonymous_9)
FNDA:0,_callee
FNDA:0,_callee$
FNDA:0,(anonymous_12)
FNDA:0,groupTextItems
DA:1,0
DA:5,0
DA:7,0
DA:18,0
DA:21,0
DA:23,0
DA:26,0
DA:29,0
DA:41,0
DA:42,0
DA:43,0
DA:44,0
DA:46,0
DA:49,0
LF:14
LH:0
BRDA:7,0,0,0
BRDA:7,0,1,0
BRDA:7,1,0,0
BRDA:7,1,1,0
BRDA:7,2,0,0
BRDA:7,2,1,0
BRDA:23,3,0,0
BRDA:23,3,1,0
BRDA:23,3,2,0
BRDA:23,3,3,0
BRDA:41,4,0,0
BRDA:41,4,1,0
BRDA:41,5,0,0
BRDA:41,5,1,0
BRDA:42,6,0,0
BRDA:42,6,1,0
BRF:16
BRH:0
end_of_record
TN:
SF:/home/jack/Repos/Work/capture-pdf-text/src/matcher.js
FN:13,(anonymous_0)
FN:17,(anonymous_1)
FN:30,(anonymous_2)
FN:32,(anonymous_3)
FNF:4
FNH:4
FNDA:2159,(anonymous_0)
FNDA:2173,(anonymous_1)
FNDA:1082,(anonymous_2)
FNDA:2151,(anonymous_3)
DA:12,3
DA:14,2159
DA:17,2173
DA:30,3
DA:31,1082
DA:32,2151
DA:33,1082
LF:7
LH:7
BRDA:14,0,0,1076
BRDA:14,0,1,1083
BRF:2
BRH:2
end_of_record
TN:
SF:/home/jack/Repos/Work/capture-pdf-text/src/matcher.recursive.js
FN:12,(anonymous_0)
FN:16,(anonymous_1)
FN:34,(anonymous_2)
FN:39,(anonymous_3)
FNF:4
FNH:4
FNDA:3,(anonymous_0)
FNDA:11,(anonymous_1)
FNDA:6,(anonymous_2)
FNDA:34,(anonymous_3)
DA:12,1
DA:14,3
DA:16,3
DA:17,11
DA:18,3
DA:20,8
DA:21,8
DA:23,3
DA:34,1
DA:35,6
DA:39,6
DA:40,34
DA:42,34
DA:43,11
DA:45,23
DA:52,6
LF:16
LH:16
BRDA:16,0,0,3
BRDA:17,1,0,3
BRDA:17,1,1,8
BRDA:42,2,0,11
BRDA:42,2,1,23
BRF:5
BRH:5
end_of_record
TN:
SF:/home/jack/Repos/Work/capture-pdf-text/src/matcher.rules.js
FN:9,(anonymous_0)
FN:22,(anonymous_1)
FN:34,(anonymous_2)
FNF:3
FNH:3
FNDA:8,(anonymous_0)
FNDA:1,(anonymous_1)
FNDA:4,(anonymous_2)
DA:9,8
DA:22,2
DA:34,4
LF:3
LH:3
BRF:0
BRH:0
end_of_record
TN:
SF:/home/jack/Repos/Work/capture-pdf-text/src/neighbors.js
FN:10,(anonymous_0)
FN:25,(anonymous_1)
FN:39,(anonymous_2)
FNF:3
FNH:3
FNDA:1079,(anonymous_0)
FNDA:1882,(anonymous_1)
FNDA:1080,(anonymous_2)
DA:10,3
DA:11,1079
DA:12,1079
DA:25,3
DA:26,1882
DA:27,1882
DA:28,1882
DA:31,3
DA:32,3
DA:39,3
DA:40,1080
DA:48,1080
DA:49,1079
DA:51,1078
DA:54,1078
DA:56,1078
LF:16
LH:16
BRDA:27,0,0,1882
BRDA:27,0,1,1010
BRDA:54,1,0,1078
BRDA:54,1,1,802
BRF:4
BRH:4
end_of_record
TN:
SF:/home/jack/Repos/Work/capture-pdf-text/src/order-items.js
FN:14,(anonymous_0)
FN:22,(anonymous_1)
FN:30,(anonymous_2)
FNF:3
FNH:3
FNDA:8897,(anonymous_0)
FNDA:1,(anonymous_1)
FNDA:1,(anonymous_2)
DA:14,5
DA:15,8897
DA:16,8897
DA:17,8897
DA:19,8897
DA:22,5
DA:23,1
DA:24,1
DA:25,1
DA:27,1
DA:30,5
DA:31,1
DA:32,1
DA:33,1
DA:35,1
LF:15
LH:15
BRF:0
BRH:0
end_of_record
TN:
SF:/home/jack/Repos/Work/capture-pdf-text/src/trees.js
FNF:0
FNH:0
DA:9,1
DA:14,1
LF:2
LH:2
BRF:0
BRH:0
end_of_record
TN:
SF:/home/jack/Repos/Work/capture-pdf-text/src/utils.js
FN:3,(anonymous_0)
FN:5,(anonymous_1)
FN:12,(anonymous_2)
FN:18,(anonymous_3)
FN:22,(anonymous_4)
FN:25,(anonymous_5)
FN:29,(anonymous_6)
FN:29,(anonymous_7)
FNF:8
FNH:6
FNDA:2159,(anonymous_0)
FNDA:10795,(anonymous_1)
FNDA:2896,(anonymous_2)
FNDA:4,(anonymous_3)
FNDA:4,(anonymous_4)
FNDA:6,(anonymous_5)
FNDA:0,(anonymous_6)
FNDA:0,(anonymous_7)
DA:3,3
DA:4,2159
DA:5,10795
DA:7,2159
DA:8,2
DA:12,3
DA:13,2896
DA:14,2896
DA:15,2896
DA:18,3
DA:19,4
DA:22,3
DA:23,4
DA:25,3
DA:26,6
DA:29,3
DA:30,0
DA:31,0
LF:18
LH:16
BRDA:7,0,0,2
BRDA:7,0,1,2157
BRDA:15,1,0,2896
BRDA:15,1,1,1470
BRF:4
BRH:4
end_of_record
